#
# A fatal error has been detected by the Java Runtime Environment:
#
#  SIGSEGV (0xb) at pc=0x00007f2770ff84a7, pid=12581, tid=12603
#
# JRE version: OpenJDK Runtime Environment (17.0.6) (build 17.0.6+0-17.0.6b802.4-9586694)
# Java VM: OpenJDK 64-Bit Server VM (17.0.6+0-17.0.6b802.4-9586694, mixed mode, tiered, compressed oops, compressed class ptrs, g1 gc, linux-amd64)
# Problematic frame:
# V  [libjvm.so+0x9f84a7]  PhaseCFG::schedule_pinned_nodes(VectorSet&)+0xe7
#
# Core dump will be written. Default location: Core dumps may be processed with "/usr/lib/systemd/systemd-coredump %P %u %g %s %t %c %h" (or dumping to /var/home/mihail/AndroidStudioProjects/eDynamixApprenticeship/core.12581)
#
# If you would like to submit a bug report, please visit:
#   https://bugreport.java.com/bugreport/crash.jsp
#

---------------  S U M M A R Y ------------

Command Line: --add-opens=java.base/java.util=ALL-UNNAMED --add-opens=java.base/java.lang=ALL-UNNAMED --add-opens=java.base/java.lang.invoke=ALL-UNNAMED --add-opens=java.prefs/java.util.prefs=ALL-UNNAMED --add-opens=java.base/java.nio.charset=ALL-UNNAMED --add-opens=java.base/java.net=ALL-UNNAMED --add-opens=java.base/java.util.concurrent.atomic=ALL-UNNAMED -Xmx2048m -Dfile.encoding=UTF-8 -Duser.country=GB -Duser.language=en -Duser.variant -javaagent:/var/home/mihail/.gradle/wrapper/dists/gradle-8.2-bin/bbg7u40eoinfdyxsxr3z4i7ta/gradle-8.2/lib/agents/gradle-instrumentation-agent-8.2.jar org.gradle.launcher.daemon.bootstrap.GradleDaemon 8.2

Host: Intel(R) Core(TM) i7-6700K CPU @ 4.00GHz, 8 cores, 15G, Fedora release 38 (Thirty Eight)
Time: Sun Jul  9 15:47:02 2023 EEST elapsed time: 2.627117 seconds (0d 0h 0m 2s)

---------------  T H R E A D  ---------------

Current thread (0x00007f26f4062660):  JavaThread "C2 CompilerThread2" daemon [_thread_in_native, id=12603, stack(0x00007f27443fe000,0x00007f27444fe000)]


Current CompileTask:
C2:   2627 3929       4       groovy.lang.MetaClassImpl$1MOPIter::methodNameAction (325 bytes)

Stack: [0x00007f27443fe000,0x00007f27444fe000],  sp=0x00007f27444f9710,  free space=1005k
Native frames: (J=compiled Java code, j=interpreted, Vv=VM code, C=native code)
V  [libjvm.so+0x9f84a7]  PhaseCFG::schedule_pinned_nodes(VectorSet&)+0xe7
V  [libjvm.so+0x9fb022]  PhaseCFG::global_code_motion()+0xe2
V  [libjvm.so+0x9fb78a]  PhaseCFG::do_global_code_motion()+0x3a
V  [libjvm.so+0x86b28e]  Compile::Code_Gen()+0x21e
V  [libjvm.so+0x8688ad]  Compile::Compile(ciEnv*, ciMethod*, int, bool, bool, bool, bool, bool, DirectiveSet*)+0x107d
V  [libjvm.so+0x7c8c6e]  C2Compiler::compile_method(ciEnv*, ciMethod*, int, bool, DirectiveSet*)+0xde
V  [libjvm.so+0x87b121]  CompileBroker::invoke_compiler_on_method(CompileTask*)+0x8d1
V  [libjvm.so+0x87a701]  CompileBroker::compiler_thread_loop()+0x3f1
V  [libjvm.so+0x10ba265]  JavaThread::thread_main_inner()+0x145
V  [libjvm.so+0x10b888f]  Thread::call_run()+0xbf
V  [libjvm.so+0xe67c39]  thread_native_entry(Thread*)+0x119
C  [libc.so.6+0x8c907]  start_thread+0x2f7


siginfo: si_signo: 11 (SIGSEGV), si_code: 128 (SI_KERNEL), si_addr: 0x0000000000000000

Register to memory mapping:

RAX=0x74616c6f562f6567 is an unknown value
RBX=0x00000000033b734b is an unknown value
RCX=0x0 is NULL
RDX=0x0000000004000000 is an unknown value
RSP=0x00007f27444f9710 is pointing into the stack for thread: 0x00007f26f4062660
RBP=0x00007f27444f9770 is pointing into the stack for thread: 0x00007f26f4062660
RSI=0x0 is NULL
RDI=0x00007f26f43fa4c0 points into unknown readable memory: 0x74616c6f562f6567 | 67 65 2f 56 6f 6c 61 74
R8 =0x0 is NULL
R9 =0x0 is NULL
R10=0x0000000000000022 is an unknown value
R11=0x0000000000000246 is an unknown value
R12=0x00007f27444f9728 is pointing into the stack for thread: 0x00007f26f4062660
R13=0x00007f26f43fa4c0 points into unknown readable memory: 0x74616c6f562f6567 | 67 65 2f 56 6f 6c 61 74
R14=0x00000000676e697a is an unknown value
R15=0x00007f27444f9a08 is pointing into the stack for thread: 0x00007f26f4062660


Registers:
RAX=0x74616c6f562f6567, RBX=0x00000000033b734b, RCX=0x0000000000000000, RDX=0x0000000004000000
RSP=0x00007f27444f9710, RBP=0x00007f27444f9770, RSI=0x0000000000000000, RDI=0x00007f26f43fa4c0
R8 =0x0000000000000000, R9 =0x0000000000000000, R10=0x0000000000000022, R11=0x0000000000000246
R12=0x00007f27444f9728, R13=0x00007f26f43fa4c0, R14=0x00000000676e697a, R15=0x00007f27444f9a08
RIP=0x00007f2770ff84a7, EFLAGS=0x0000000000010206, CSGSFS=0x002b000000000033, ERR=0x0000000000000000
  TRAPNO=0x000000000000000d

Top of Stack: (sp=0x00007f27444f9710)
0x00007f27444f9710:   00007f27444f9a08 00007f27444f9a08
0x00007f27444f9720:   00007f27444fb348 00007f26f43fa4c0
0x00007f27444f9730:   0000263a0000023c 00007f26f84a5390
0x00007f27444f9740:   0000000000000000 00007f27444f9a08 

Instructions: (pc=0x00007f2770ff84a7)
0x00007f2770ff83a7:   90 00 48 3b 01 0f 94 c0 48 83 c4 08 5b 5d c3 31
0x00007f2770ff83b7:   c0 48 83 c4 08 5b 5d c3 90 55 48 89 e5 41 57 41
0x00007f2770ff83c7:   56 41 55 41 54 53 48 83 ec 38 49 89 f7 48 89 7d
0x00007f2770ff83d7:   b0 48 8b 47 08 8b 98 40 02 00 00 2b 98 68 02 00
0x00007f2770ff83e7:   00 83 c3 08 89 df be 08 00 00 00 e8 49 c2 02 00
0x00007f2770ff83f7:   c7 45 c0 00 00 00 00 89 5d c4 48 89 45 c8 85 db
0x00007f2770ff8407:   7e 10 89 da 48 c1 e2 03 48 89 c7 31 f6 e8 97 bf
0x00007f2770ff8417:   7b 00 48 c7 45 d0 00 00 00 00 48 8b 45 b0 48 8b
0x00007f2770ff8427:   40 10 48 89 45 b8 48 8d 7d c0 48 8d 75 b8 e8 f6
0x00007f2770ff8437:   a0 cb ff 8b 45 c0 85 c0 0f 84 b4 02 00 00 4c 89
0x00007f2770ff8447:   7d a8 eb 26 0f 1f 44 00 00 49 8b 47 08 8b 0c 98
0x00007f2770ff8457:   89 ca 44 0f ab f2 89 14 98 44 0f a3 f1 73 3a 8b
0x00007f2770ff8467:   45 c0 85 c0 0f 84 88 02 00 00 48 8b 4d c8 8d 50
0x00007f2770ff8477:   ff 89 55 c0 48 98 4c 8b 6c c1 f8 45 8b 75 28 4c
0x00007f2770ff8487:   89 f3 48 c1 eb 05 41 3b 1f 72 be 4c 89 ff 89 de
0x00007f2770ff8497:   e8 24 5c 71 00 eb b2 66 90 49 8b 45 00 4c 89 ef
0x00007f2770ff84a7:   ff 90 a8 00 00 00 84 c0 48 8b 5d b0 74 66 41 8b
0x00007f2770ff84b7:   45 28 39 43 68 76 0b 48 8b 4b 78 48 83 3c c1 00
0x00007f2770ff84c7:   75 52 48 89 df 4c 89 ee e8 ec f8 ff ff 4c 89 e8
0x00007f2770ff84d7:   eb 0f 0f 1f 80 00 00 00 00 83 e1 0f 83 f9 09 74
0x00007f2770ff84e7:   1d 48 8b 40 08 48 8b 00 8b 48 2c 89 ca 83 e2 3f
0x00007f2770ff84f7:   83 fa 20 75 e4 48 8b 48 08 48 39 01 75 e3 8b 40
0x00007f2770ff8507:   28 48 8b 4b 78 48 8b 14 c1 48 89 df 4c 89 ee e8
0x00007f2770ff8517:   25 f7 ff ff 45 8b 7d 1c 41 83 c7 ff 45 3b 7d 18
0x00007f2770ff8527:   0f 82 83 01 00 00 45 31 e4 eb 30 66 2e 0f 1f 84
0x00007f2770ff8537:   00 00 00 00 00 0f 1f 40 00 48 89 df 4c 89 e6 4c
0x00007f2770ff8547:   89 f2 e8 d2 f9 ff ff 84 c0 4d 0f 45 e6 41 83 c7
0x00007f2770ff8557:   ff 45 3b 7d 18 0f 82 ac 00 00 00 49 8b 45 08 44
0x00007f2770ff8567:   89 f9 4c 8b 34 c8 4d 85 f6 74 e2 49 8b 06 4c 89
0x00007f2770ff8577:   f7 ff 50 20 48 85 c0 74 20 4c 89 ef 44 89 fe e8
0x00007f2770ff8587:   75 66 44 00 4d 85 e4 75 b0 4d 89 f4 eb bf 66 2e
0x00007f2770ff8597:   0f 1f 84 00 00 00 00 00 90 41 8b 46 2c 89 c1 83 


Stack slot to memory mapping:
stack at sp + 0 slots: 0x00007f27444f9a08 is pointing into the stack for thread: 0x00007f26f4062660
stack at sp + 1 slots: 0x00007f27444f9a08 is pointing into the stack for thread: 0x00007f26f4062660
stack at sp + 2 slots: 0x00007f27444fb348 is pointing into the stack for thread: 0x00007f26f4062660
stack at sp + 3 slots: 0x00007f26f43fa4c0 points into unknown readable memory: 0x74616c6f562f6567 | 67 65 2f 56 6f 6c 61 74
stack at sp + 4 slots: 0x0000263a0000023c is an unknown value
stack at sp + 5 slots: 0x00007f26f84a5390 points into unknown readable memory: 0x00007f2710614ce8 | e8 4c 61 10 27 7f 00 00
stack at sp + 6 slots: 0x0 is NULL
stack at sp + 7 slots: 0x00007f27444f9a08 is pointing into the stack for thread: 0x00007f26f4062660


---------------  P R O C E S S  ---------------

Threads class SMR info:
_java_thread_list=0x00007f26c92cb1c0, length=40, elements={
0x00007f276c0284f0, 0x00007f276c1f8930, 0x00007f276c1f9f80, 0x00007f276c21f550,
0x00007f276c220900, 0x00007f276c221d10, 0x00007f276c223390, 0x00007f276c224870,
0x00007f276c225ce0, 0x00007f276c2af820, 0x00007f276c398030, 0x00007f271011f950,
0x00007f26f4062660, 0x00007f276d429af0, 0x00007f276d4ab3d0, 0x00007f276d4de4c0,
0x00007f26d4017520, 0x00007f26cc0015d0, 0x00007f26cc007090, 0x00007f26cc008650,
0x00007f26c8002d00, 0x00007f26c800e340, 0x00007f26c8011370, 0x00007f26c81840d0,
0x00007f26c818e540, 0x00007f26c829bb60, 0x00007f26c8b70c90, 0x00007f26c8b72350,
0x00007f26c8c25750, 0x00007f26c8c35050, 0x00007f26c8c452f0, 0x00007f26c8c925c0,
0x00007f26c8ca1dc0, 0x00007f26c8d05fc0, 0x00007f26c8dc1680, 0x00007f26c8dce230,
0x00007f26c909d360, 0x00007f26c90d0450, 0x00007f26c91057a0, 0x00007f26c92caa00
}

Java Threads: ( => current thread )
  0x00007f276c0284f0 JavaThread "main" [_thread_blocked, id=12584, stack(0x00007f277041f000,0x00007f277051f000)]
  0x00007f276c1f8930 JavaThread "Reference Handler" daemon [_thread_blocked, id=12591, stack(0x00007f274581b000,0x00007f274591b000)]
  0x00007f276c1f9f80 JavaThread "Finalizer" daemon [_thread_blocked, id=12592, stack(0x00007f2744f00000,0x00007f2745000000)]
  0x00007f276c21f550 JavaThread "Signal Dispatcher" daemon [_thread_blocked, id=12593, stack(0x00007f2744e00000,0x00007f2744f00000)]
  0x00007f276c220900 JavaThread "Service Thread" daemon [_thread_blocked, id=12594, stack(0x00007f2744d00000,0x00007f2744e00000)]
  0x00007f276c221d10 JavaThread "Monitor Deflation Thread" daemon [_thread_blocked, id=12595, stack(0x00007f2744c00000,0x00007f2744d00000)]
  0x00007f276c223390 JavaThread "C2 CompilerThread0" daemon [_thread_in_native, id=12596, stack(0x00007f2744b00000,0x00007f2744c00000)]
  0x00007f276c224870 JavaThread "C1 CompilerThread0" daemon [_thread_in_native, id=12597, stack(0x00007f2744a00000,0x00007f2744b00000)]
  0x00007f276c225ce0 JavaThread "Sweeper thread" daemon [_thread_blocked, id=12598, stack(0x00007f2744900000,0x00007f2744a00000)]
  0x00007f276c2af820 JavaThread "Common-Cleaner" daemon [_thread_blocked, id=12599, stack(0x00007f2744800000,0x00007f2744900000)]
  0x00007f276c398030 JavaThread "Notification Thread" daemon [_thread_blocked, id=12600, stack(0x00007f2744700000,0x00007f2744800000)]
  0x00007f271011f950 JavaThread "C2 CompilerThread1" daemon [_thread_in_native, id=12602, stack(0x00007f27444fe000,0x00007f27445fe000)]
=>0x00007f26f4062660 JavaThread "C2 CompilerThread2" daemon [_thread_in_native, id=12603, stack(0x00007f27443fe000,0x00007f27444fe000)]
  0x00007f276d429af0 JavaThread "Daemon health stats" [_thread_blocked, id=12609, stack(0x00007f2721b00000,0x00007f2721c00000)]
  0x00007f276d4ab3d0 JavaThread "Incoming local TCP Connector on port 38121" [_thread_in_native, id=12610, stack(0x00007f2721700000,0x00007f2721800000)]
  0x00007f276d4de4c0 JavaThread "Daemon periodic checks" [_thread_blocked, id=12611, stack(0x00007f2721300000,0x00007f2721400000)]
  0x00007f26d4017520 JavaThread "Daemon" [_thread_blocked, id=12612, stack(0x00007f2721200000,0x00007f2721300000)]
  0x00007f26cc0015d0 JavaThread "Handler for socket connection from /127.0.0.1:38121 to /127.0.0.1:48984" [_thread_in_native, id=12613, stack(0x00007f2721100000,0x00007f2721200000)]
  0x00007f26cc007090 JavaThread "Cancel handler" [_thread_blocked, id=12614, stack(0x00007f2721000000,0x00007f2721100000)]
  0x00007f26cc008650 JavaThread "Daemon worker" [_thread_in_Java, id=12615, stack(0x00007f2720f00000,0x00007f2721000000)]
  0x00007f26c8002d00 JavaThread "Asynchronous log dispatcher for DefaultDaemonConnection: socket connection from /127.0.0.1:38121 to /127.0.0.1:48984" [_thread_blocked, id=12618, stack(0x00007f2720e00000,0x00007f2720f00000)]
  0x00007f26c800e340 JavaThread "Stdin handler" [_thread_blocked, id=12619, stack(0x00007f2720d00000,0x00007f2720e00000)]
  0x00007f26c8011370 JavaThread "Daemon client event forwarder" [_thread_blocked, id=12620, stack(0x00007f2720c00000,0x00007f2720d00000)]
  0x00007f26c81840d0 JavaThread "Cache worker for journal cache (/var/home/mihail/.gradle/caches/journal-1)" [_thread_blocked, id=12624, stack(0x00007f26abf00000,0x00007f26ac000000)]
  0x00007f26c818e540 JavaThread "File lock request listener" [_thread_in_native, id=12625, stack(0x00007f26abe00000,0x00007f26abf00000)]
  0x00007f26c829bb60 JavaThread "Cache worker for file hash cache (/var/home/mihail/.gradle/caches/8.2/fileHashes)" [_thread_blocked, id=12626, stack(0x00007f26abd00000,0x00007f26abe00000)]
  0x00007f26c8b70c90 JavaThread "File watcher server" daemon [_thread_in_native, id=12627, stack(0x00007f26abc00000,0x00007f26abd00000)]
  0x00007f26c8b72350 JavaThread "File watcher consumer" daemon [_thread_blocked, id=12628, stack(0x00007f26ab300000,0x00007f26ab400000)]
  0x00007f26c8c25750 JavaThread "Cache worker for checksums cache (/var/home/mihail/AndroidStudioProjects/eDynamixApprenticeship/.gradle/8.2/checksums)" [_thread_blocked, id=12629, stack(0x00007f26ab200000,0x00007f26ab300000)]
  0x00007f26c8c35050 JavaThread "Cache worker for cache directory md-rule (/var/home/mihail/.gradle/caches/8.2/md-rule)" [_thread_blocked, id=12630, stack(0x00007f26ab100000,0x00007f26ab200000)]
  0x00007f26c8c452f0 JavaThread "Cache worker for file content cache (/var/home/mihail/.gradle/caches/8.2/fileContent)" [_thread_blocked, id=12631, stack(0x00007f26ab000000,0x00007f26ab100000)]
  0x00007f26c8c925c0 JavaThread "Cache worker for file hash cache (/var/home/mihail/AndroidStudioProjects/eDynamixApprenticeship/.gradle/8.2/fileHashes)" [_thread_blocked, id=12632, stack(0x00007f26aaf00000,0x00007f26ab000000)]
  0x00007f26c8ca1dc0 JavaThread "Cache worker for cache directory md-supplier (/var/home/mihail/.gradle/caches/8.2/md-supplier)" [_thread_blocked, id=12633, stack(0x00007f26aae00000,0x00007f26aaf00000)]
  0x00007f26c8d05fc0 JavaThread "Cache worker for execution history cache (/var/home/mihail/.gradle/caches/8.2/executionHistory)" [_thread_blocked, id=12634, stack(0x00007f26aad00000,0x00007f26aae00000)]
  0x00007f26c8dc1680 JavaThread "jar transforms" [_thread_blocked, id=12635, stack(0x00007f26aac00000,0x00007f26aad00000)]
  0x00007f26c8dce230 JavaThread "jar transforms Thread 2" [_thread_blocked, id=12637, stack(0x00007f26aa9fe000,0x00007f26aaafe000)]
  0x00007f26c909d360 JavaThread "jar transforms Thread 3" [_thread_blocked, id=12638, stack(0x00007f26aa8fe000,0x00007f26aa9fe000)]
  0x00007f26c90d0450 JavaThread "jar transforms Thread 4" [_thread_blocked, id=12642, stack(0x00007f26a9f00000,0x00007f26aa000000)]
  0x00007f26c91057a0 JavaThread "Cache worker for dependencies-accessors (/var/home/mihail/AndroidStudioProjects/eDynamixApprenticeship/.gradle/8.2/dependencies-accessors)" [_thread_blocked, id=12652, stack(0x00007f26a9e00000,0x00007f26a9f00000)]
  0x00007f26c92caa00 JavaThread "jar transforms Thread 5" [_thread_blocked, id=12653, stack(0x00007f26a9d00000,0x00007f26a9e00000)]

Other Threads:
  0x00007f276c1a94c0 VMThread "VM Thread" [stack: 0x00007f274591d000,0x00007f2745a1d000] [id=12590]
  0x00007f276c243a10 WatcherThread [stack: 0x00007f2744600000,0x00007f2744700000] [id=12601]
  0x00007f276c084e00 GCTaskThread "GC Thread#0" [stack: 0x00007f2754776000,0x00007f2754876000] [id=12585]
  0x00007f273c005f50 GCTaskThread "GC Thread#1" [stack: 0x00007f27442da000,0x00007f27443da000] [id=12604]
  0x00007f273c006990 GCTaskThread "GC Thread#2" [stack: 0x00007f27441d8000,0x00007f27442d8000] [id=12605]
  0x00007f273c0077c0 GCTaskThread "GC Thread#3" [stack: 0x00007f27440d6000,0x00007f27441d6000] [id=12606]
  0x00007f273c0085f0 GCTaskThread "GC Thread#4" [stack: 0x00007f2722900000,0x00007f2722a00000] [id=12607]
  0x00007f273c009030 GCTaskThread "GC Thread#5" [stack: 0x00007f2721f00000,0x00007f2722000000] [id=12608]
  0x00007f273c00e050 GCTaskThread "GC Thread#6" [stack: 0x00007f2720300000,0x00007f2720400000] [id=12621]
  0x00007f273c00e820 GCTaskThread "GC Thread#7" [stack: 0x00007f27201fe000,0x00007f27202fe000] [id=12622]
  0x00007f276c096400 ConcurrentGCThread "G1 Main Marker" [stack: 0x00007f2754674000,0x00007f2754774000] [id=12586]
  0x00007f276c097360 ConcurrentGCThread "G1 Conc#0" [stack: 0x00007f2754572000,0x00007f2754672000] [id=12587]
  0x00007f2748000eb0 ConcurrentGCThread "G1 Conc#1" [stack: 0x00007f27200fc000,0x00007f27201fc000] [id=12623]
  0x00007f276c161750 ConcurrentGCThread "G1 Refine#0" [stack: 0x00007f2745bfd000,0x00007f2745cfd000] [id=12588]
  0x00007f2740001c10 ConcurrentGCThread "G1 Refine#1" [stack: 0x00007f26aab00000,0x00007f26aac00000] [id=12636]
  0x00007f276c162640 ConcurrentGCThread "G1 Service" [stack: 0x00007f2745afb000,0x00007f2745bfb000] [id=12589]

Threads with active compile tasks:
C2 CompilerThread0     2633 4062       4       java.util.regex.Pattern::compile (500 bytes)
C2 CompilerThread1     2633 3958       4       java.lang.Class::annotationData (44 bytes)
C2 CompilerThread2     2633 3929       4       groovy.lang.MetaClassImpl$1MOPIter::methodNameAction (325 bytes)

VM state: not at safepoint (normal execution)

VM Mutex/Monitor currently owned by a thread: None

Heap address: 0x0000000080000000, size: 2048 MB, Compressed Oops mode: 32-bit

CDS archive(s) not mapped
Compressed class space mapped at: 0x0000000100000000-0x0000000140000000, reserved size: 1073741824
Narrow klass base: 0x0000000000000000, Narrow klass shift: 3, Narrow klass range: 0x140000000

GC Precious Log:
 CPUs: 8 total, 8 available
 Memory: 15919M
 Large Page Support: Disabled
 NUMA Support: Disabled
 Compressed Oops: Enabled (32-bit)
 Heap Region Size: 1M
 Heap Min Capacity: 8M
 Heap Initial Capacity: 250M
 Heap Max Capacity: 2G
 Pre-touch: Disabled
 Parallel Workers: 8
 Concurrent Workers: 2
 Concurrent Refinement Workers: 8
 Periodic GC: Disabled

Heap:
 garbage-first heap   total 82944K, used 40434K [0x0000000080000000, 0x0000000100000000)
  region size 1024K, 8 young (8192K), 2 survivors (2048K)
 Metaspace       used 50196K, committed 50624K, reserved 1097728K
  class space    used 6731K, committed 6976K, reserved 1048576K

Heap Regions: E=young(eden), S=young(survivor), O=old, HS=humongous(starts), HC=humongous(continues), CS=collection set, F=free, OA=open archive, CA=closed archive, TAMS=top-at-mark-start (previous, next)
|   0|0x0000000080000000, 0x0000000080100000, 0x0000000080100000|100%|HS|  |TAMS 0x0000000080100000, 0x0000000080000000| Complete 
|   1|0x0000000080100000, 0x0000000080200000, 0x0000000080200000|100%|HC|  |TAMS 0x0000000080200000, 0x0000000080100000| Complete 
|   2|0x0000000080200000, 0x0000000080300000, 0x0000000080300000|100%|HC|  |TAMS 0x0000000080300000, 0x0000000080200000| Complete 
|   3|0x0000000080300000, 0x0000000080400000, 0x0000000080400000|100%|HC|  |TAMS 0x0000000080400000, 0x0000000080300000| Complete 
|   4|0x0000000080400000, 0x0000000080500000, 0x0000000080500000|100%| O|  |TAMS 0x0000000080500000, 0x0000000080400000| Untracked 
|   5|0x0000000080500000, 0x0000000080600000, 0x0000000080600000|100%| O|  |TAMS 0x0000000080600000, 0x0000000080500000| Untracked 
|   6|0x0000000080600000, 0x0000000080700000, 0x0000000080700000|100%| O|  |TAMS 0x0000000080700000, 0x0000000080600000| Untracked 
|   7|0x0000000080700000, 0x0000000080800000, 0x0000000080800000|100%| O|  |TAMS 0x0000000080800000, 0x0000000080700000| Untracked 
|   8|0x0000000080800000, 0x0000000080900000, 0x0000000080900000|100%| O|  |TAMS 0x0000000080900000, 0x0000000080800000| Untracked 
|   9|0x0000000080900000, 0x0000000080a00000, 0x0000000080a00000|100%| O|  |TAMS 0x0000000080a00000, 0x0000000080900000| Untracked 
|  10|0x0000000080a00000, 0x0000000080b00000, 0x0000000080b00000|100%| O|  |TAMS 0x0000000080b00000, 0x0000000080a00000| Untracked 
|  11|0x0000000080b00000, 0x0000000080c00000, 0x0000000080c00000|100%| O|  |TAMS 0x0000000080c00000, 0x0000000080b00000| Untracked 
|  12|0x0000000080c00000, 0x0000000080c67800, 0x0000000080d00000| 40%| O|  |TAMS 0x0000000080c67800, 0x0000000080c00000| Untracked 
|  13|0x0000000080d00000, 0x0000000080e00000, 0x0000000080e00000|100%| O|  |TAMS 0x0000000080e00000, 0x0000000080d00000| Untracked 
|  14|0x0000000080e00000, 0x0000000080f00000, 0x0000000080f00000|100%| O|  |TAMS 0x0000000080f00000, 0x0000000080e00000| Untracked 
|  15|0x0000000080f00000, 0x0000000081000000, 0x0000000081000000|100%| O|  |TAMS 0x0000000081000000, 0x0000000080f00000| Untracked 
|  16|0x0000000081000000, 0x0000000081100000, 0x0000000081100000|100%| O|  |TAMS 0x0000000081100000, 0x0000000081000000| Untracked 
|  17|0x0000000081100000, 0x0000000081200000, 0x0000000081200000|100%| O|  |TAMS 0x0000000081200000, 0x0000000081100000| Untracked 
|  18|0x0000000081200000, 0x0000000081300000, 0x0000000081300000|100%| O|  |TAMS 0x000000008127d200, 0x0000000081200000| Untracked 
|  19|0x0000000081300000, 0x0000000081400000, 0x0000000081400000|100%| O|  |TAMS 0x0000000081300000, 0x0000000081300000| Untracked 
|  20|0x0000000081400000, 0x0000000081500000, 0x0000000081500000|100%| O|  |TAMS 0x0000000081400000, 0x0000000081400000| Untracked 
|  21|0x0000000081500000, 0x0000000081600000, 0x0000000081600000|100%| O|  |TAMS 0x0000000081500000, 0x0000000081500000| Untracked 
|  22|0x0000000081600000, 0x0000000081700000, 0x0000000081700000|100%| O|  |TAMS 0x0000000081600000, 0x0000000081600000| Untracked 
|  23|0x0000000081700000, 0x0000000081800000, 0x0000000081800000|100%| O|  |TAMS 0x0000000081700000, 0x0000000081700000| Untracked 
|  24|0x0000000081800000, 0x0000000081900000, 0x0000000081900000|100%| O|  |TAMS 0x0000000081800000, 0x0000000081800000| Untracked 
|  25|0x0000000081900000, 0x0000000081a00000, 0x0000000081a00000|100%| O|  |TAMS 0x0000000081900000, 0x0000000081900000| Untracked 
|  26|0x0000000081a00000, 0x0000000081b00000, 0x0000000081b00000|100%| O|  |TAMS 0x0000000081b00000, 0x0000000081a00000| Untracked 
|  27|0x0000000081b00000, 0x0000000081c00000, 0x0000000081c00000|100%| O|  |TAMS 0x0000000081c00000, 0x0000000081b00000| Untracked 
|  28|0x0000000081c00000, 0x0000000081c00000, 0x0000000081d00000|  0%| F|  |TAMS 0x0000000081c00000, 0x0000000081c00000| Untracked 
|  29|0x0000000081d00000, 0x0000000081d00000, 0x0000000081e00000|  0%| F|  |TAMS 0x0000000081d00000, 0x0000000081d00000| Untracked 
|  30|0x0000000081e00000, 0x0000000081f00000, 0x0000000081f00000|100%| O|  |TAMS 0x0000000081e00000, 0x0000000081e00000| Untracked 
|  31|0x0000000081f00000, 0x0000000082000000, 0x0000000082000000|100%| O|  |TAMS 0x0000000081f00000, 0x0000000081f00000| Untracked 
|  32|0x0000000082000000, 0x0000000082100000, 0x0000000082100000|100%| O|  |TAMS 0x0000000082000000, 0x0000000082000000| Untracked 
|  33|0x0000000082100000, 0x0000000082200000, 0x0000000082200000|100%| O|  |TAMS 0x0000000082100000, 0x0000000082100000| Untracked 
|  34|0x0000000082200000, 0x0000000082300000, 0x0000000082300000|100%| O|  |TAMS 0x0000000082200000, 0x0000000082200000| Untracked 
|  35|0x0000000082300000, 0x000000008237c600, 0x0000000082400000| 48%| O|  |TAMS 0x0000000082300000, 0x0000000082300000| Untracked 
|  36|0x0000000082400000, 0x0000000082400000, 0x0000000082500000|  0%| F|  |TAMS 0x0000000082400000, 0x0000000082400000| Untracked 
|  37|0x0000000082500000, 0x0000000082500000, 0x0000000082600000|  0%| F|  |TAMS 0x0000000082500000, 0x0000000082500000| Untracked 
|  38|0x0000000082600000, 0x0000000082600000, 0x0000000082700000|  0%| F|  |TAMS 0x0000000082600000, 0x0000000082600000| Untracked 
|  39|0x0000000082700000, 0x0000000082700000, 0x0000000082800000|  0%| F|  |TAMS 0x0000000082700000, 0x0000000082700000| Untracked 
|  40|0x0000000082800000, 0x0000000082800000, 0x0000000082900000|  0%| F|  |TAMS 0x0000000082800000, 0x0000000082800000| Untracked 
|  41|0x0000000082900000, 0x0000000082900000, 0x0000000082a00000|  0%| F|  |TAMS 0x0000000082900000, 0x0000000082900000| Untracked 
|  42|0x0000000082a00000, 0x0000000082a00000, 0x0000000082b00000|  0%| F|  |TAMS 0x0000000082a00000, 0x0000000082a00000| Untracked 
|  43|0x0000000082b00000, 0x0000000082b00000, 0x0000000082c00000|  0%| F|  |TAMS 0x0000000082b00000, 0x0000000082b00000| Untracked 
|  44|0x0000000082c00000, 0x0000000082c00000, 0x0000000082d00000|  0%| F|  |TAMS 0x0000000082c00000, 0x0000000082c00000| Untracked 
|  45|0x0000000082d00000, 0x0000000082d00000, 0x0000000082e00000|  0%| F|  |TAMS 0x0000000082d00000, 0x0000000082d00000| Untracked 
|  46|0x0000000082e00000, 0x0000000082e00000, 0x0000000082f00000|  0%| F|  |TAMS 0x0000000082e00000, 0x0000000082e00000| Untracked 
|  47|0x0000000082f00000, 0x0000000082f00000, 0x0000000083000000|  0%| F|  |TAMS 0x0000000082f00000, 0x0000000082f00000| Untracked 
|  48|0x0000000083000000, 0x0000000083000000, 0x0000000083100000|  0%| F|  |TAMS 0x0000000083000000, 0x0000000083000000| Untracked 
|  49|0x0000000083100000, 0x0000000083100000, 0x0000000083200000|  0%| F|  |TAMS 0x0000000083100000, 0x0000000083100000| Untracked 
|  50|0x0000000083200000, 0x0000000083298aa8, 0x0000000083300000| 59%| S|CS|TAMS 0x0000000083200000, 0x0000000083200000| Complete 
|  51|0x0000000083300000, 0x0000000083400000, 0x0000000083400000|100%| S|CS|TAMS 0x0000000083300000, 0x0000000083300000| Complete 
|  52|0x0000000083400000, 0x0000000083400000, 0x0000000083500000|  0%| F|  |TAMS 0x0000000083400000, 0x0000000083400000| Untracked 
|  53|0x0000000083500000, 0x0000000083500000, 0x0000000083600000|  0%| F|  |TAMS 0x0000000083500000, 0x0000000083500000| Untracked 
|  54|0x0000000083600000, 0x0000000083600000, 0x0000000083700000|  0%| F|  |TAMS 0x0000000083600000, 0x0000000083600000| Untracked 
|  55|0x0000000083700000, 0x0000000083700000, 0x0000000083800000|  0%| F|  |TAMS 0x0000000083700000, 0x0000000083700000| Untracked 
|  56|0x0000000083800000, 0x0000000083800000, 0x0000000083900000|  0%| F|  |TAMS 0x0000000083800000, 0x0000000083800000| Untracked 
|  57|0x0000000083900000, 0x0000000083900000, 0x0000000083a00000|  0%| F|  |TAMS 0x0000000083900000, 0x0000000083900000| Untracked 
|  58|0x0000000083a00000, 0x0000000083a00000, 0x0000000083b00000|  0%| F|  |TAMS 0x0000000083a00000, 0x0000000083a00000| Untracked 
|  59|0x0000000083b00000, 0x0000000083b00000, 0x0000000083c00000|  0%| F|  |TAMS 0x0000000083b00000, 0x0000000083b00000| Untracked 
|  60|0x0000000083c00000, 0x0000000083c00000, 0x0000000083d00000|  0%| F|  |TAMS 0x0000000083c00000, 0x0000000083c00000| Untracked 
|  61|0x0000000083d00000, 0x0000000083d00000, 0x0000000083e00000|  0%| F|  |TAMS 0x0000000083d00000, 0x0000000083d00000| Untracked 
|  62|0x0000000083e00000, 0x0000000083e00000, 0x0000000083f00000|  0%| F|  |TAMS 0x0000000083e00000, 0x0000000083e00000| Untracked 
|  63|0x0000000083f00000, 0x0000000083f00000, 0x0000000084000000|  0%| F|  |TAMS 0x0000000083f00000, 0x0000000083f00000| Untracked 
|  64|0x0000000084000000, 0x0000000084000000, 0x0000000084100000|  0%| F|  |TAMS 0x0000000084000000, 0x0000000084000000| Untracked 
|  65|0x0000000084100000, 0x0000000084100000, 0x0000000084200000|  0%| F|  |TAMS 0x0000000084100000, 0x0000000084100000| Untracked 
|  66|0x0000000084200000, 0x0000000084200000, 0x0000000084300000|  0%| F|  |TAMS 0x0000000084200000, 0x0000000084200000| Untracked 
|  67|0x0000000084300000, 0x0000000084300000, 0x0000000084400000|  0%| F|  |TAMS 0x0000000084300000, 0x0000000084300000| Untracked 
|  68|0x0000000084400000, 0x0000000084400000, 0x0000000084500000|  0%| F|  |TAMS 0x0000000084400000, 0x0000000084400000| Untracked 
|  69|0x0000000084500000, 0x0000000084500000, 0x0000000084600000|  0%| F|  |TAMS 0x0000000084500000, 0x0000000084500000| Untracked 
|  70|0x0000000084600000, 0x0000000084600000, 0x0000000084700000|  0%| F|  |TAMS 0x0000000084600000, 0x0000000084600000| Untracked 
|  71|0x0000000084700000, 0x0000000084700000, 0x0000000084800000|  0%| F|  |TAMS 0x0000000084700000, 0x0000000084700000| Untracked 
|  72|0x0000000084800000, 0x0000000084800000, 0x0000000084900000|  0%| F|  |TAMS 0x0000000084800000, 0x0000000084800000| Untracked 
| 203|0x000000008cb00000, 0x000000008cb00000, 0x000000008cc00000|  0%| F|  |TAMS 0x000000008cb00000, 0x000000008cb00000| Untracked 
| 204|0x000000008cc00000, 0x000000008cc00000, 0x000000008cd00000|  0%| F|  |TAMS 0x000000008cc00000, 0x000000008cc00000| Untracked 
| 205|0x000000008cd00000, 0x000000008ce00000, 0x000000008ce00000|100%| E|  |TAMS 0x000000008cd00000, 0x000000008cd00000| Complete 
| 206|0x000000008ce00000, 0x000000008cf00000, 0x000000008cf00000|100%| E|CS|TAMS 0x000000008ce00000, 0x000000008ce00000| Complete 
| 207|0x000000008cf00000, 0x000000008d000000, 0x000000008d000000|100%| E|CS|TAMS 0x000000008cf00000, 0x000000008cf00000| Complete 
| 208|0x000000008d000000, 0x000000008d100000, 0x000000008d100000|100%| E|CS|TAMS 0x000000008d000000, 0x000000008d000000| Complete 
| 209|0x000000008d100000, 0x000000008d200000, 0x000000008d200000|100%| E|CS|TAMS 0x000000008d100000, 0x000000008d100000| Complete 
| 249|0x000000008f900000, 0x000000008fa00000, 0x000000008fa00000|100%| E|CS|TAMS 0x000000008f900000, 0x000000008f900000| Complete 

Card table byte_map: [0x00007f2758cfb000,0x00007f27590fb000] _byte_map_base: 0x00007f27588fb000

Marking Bits (Prev, Next): (CMBitMap*) 0x00007f276c085880, (CMBitMap*) 0x00007f276c0858c0
 Prev Bits: [0x00007f27568fb000, 0x00007f27588fb000)
 Next Bits: [0x00007f27548fb000, 0x00007f27568fb000)

Polling page: 0x00007f2771b44000

Metaspace:

Usage:
  Non-class:     42.47 MB used.
      Class:      6.58 MB used.
       Both:     49.04 MB used.

Virtual space:
  Non-class space:       48.00 MB reserved,      42.69 MB ( 89%) committed,  6 nodes.
      Class space:        1.00 GB reserved,       6.81 MB ( <1%) committed,  1 nodes.
             Both:        1.05 GB reserved,      49.50 MB (  5%) committed. 

Chunk freelists:
   Non-Class:  1.36 MB
       Class:  1.05 MB
        Both:  2.41 MB

MaxMetaspaceSize: unlimited
CompressedClassSpaceSize: 1.00 GB
Initial GC threshold: 21.00 MB
Current GC threshold: 58.69 MB
CDS: off
MetaspaceReclaimPolicy: balanced
 - commit_granule_bytes: 65536.
 - commit_granule_words: 8192.
 - virtual_space_node_default_size: 1048576.
 - enlarge_chunks_in_place: 1.
 - new_chunks_are_fully_committed: 0.
 - uncommit_free_chunks: 1.
 - use_allocation_guard: 0.
 - handle_deallocations: 1.


Internal statistics:

num_allocs_failed_limit: 6.
num_arena_births: 374.
num_arena_deaths: 0.
num_vsnodes_births: 7.
num_vsnodes_deaths: 0.
num_space_committed: 792.
num_space_uncommitted: 0.
num_chunks_returned_to_freelist: 6.
num_chunks_taken_from_freelist: 1925.
num_chunk_merges: 6.
num_chunk_splits: 1298.
num_chunks_enlarged: 903.
num_purges: 0.
num_inconsistent_stats: 0.

CodeHeap 'non-profiled nmethods': size=120028Kb used=2400Kb max_used=2400Kb free=117627Kb
 bounds [0x00007f27614c9000, 0x00007f2761739000, 0x00007f2768a00000]
CodeHeap 'profiled nmethods': size=120028Kb used=8321Kb max_used=8321Kb free=111707Kb
 bounds [0x00007f2759a00000, 0x00007f275a230000, 0x00007f2760f37000]
CodeHeap 'non-nmethods': size=5704Kb used=2287Kb max_used=2353Kb free=3416Kb
 bounds [0x00007f2760f37000, 0x00007f27611a7000, 0x00007f27614c9000]
 total_blobs=4870 nmethods=4063 adapters=720
 compilation: enabled
              stopped_count=0, restarted_count=0
 full_count=0

Compilation events (20 events):
Event: 2.569 Thread 0x00007f276c224870 4060       3       com.google.common.collect.ImmutableList$Builder::<init> (18 bytes)
Event: 2.569 Thread 0x00007f276c224870 nmethod 4060 0x00007f275a21aa10 code [0x00007f275a21abc0, 0x00007f275a21ae90]
Event: 2.570 Thread 0x00007f276c223390 nmethod 4003 0x00007f2761711410 code [0x00007f27617116c0, 0x00007f27617149b8]
Event: 2.570 Thread 0x00007f276c223390 4045       4       java.util.regex.Pattern::has (15 bytes)
Event: 2.571 Thread 0x00007f276c223390 nmethod 4045 0x00007f2761715e90 code [0x00007f2761716020, 0x00007f27617160b8]
Event: 2.571 Thread 0x00007f276c223390 4008       4       sun.instrument.InstrumentationImpl::transform (73 bytes)
Event: 2.572 Thread 0x00007f276c224870 4061       3       com.google.common.collect.ImmutableList$Builder::build (17 bytes)
Event: 2.572 Thread 0x00007f276c224870 nmethod 4061 0x00007f275a21af90 code [0x00007f275a21b140, 0x00007f275a21b280]
Event: 2.575 Thread 0x00007f276c223390 nmethod 4008 0x00007f2761716190 code [0x00007f2761716320, 0x00007f2761716698]
Event: 2.575 Thread 0x00007f276c223390 4062       4       java.util.regex.Pattern::compile (500 bytes)
Event: 2.594 Thread 0x00007f276c224870 4063       3       java.lang.invoke.MethodType::dropParameterTypes (162 bytes)
Event: 2.595 Thread 0x00007f276c224870 nmethod 4063 0x00007f275a21b310 code [0x00007f275a21b620, 0x00007f275a21c520]
Event: 2.599 Thread 0x00007f276c224870 4064       3       java.lang.invoke.LambdaFormEditor$Transform::equals (32 bytes)
Event: 2.599 Thread 0x00007f276c224870 nmethod 4064 0x00007f275a21ca10 code [0x00007f275a21cbc0, 0x00007f275a21cda0]
Event: 2.600 Thread 0x00007f276c224870 4065       3       java.lang.invoke.LambdaFormEditor$TransformKey::of (49 bytes)
Event: 2.601 Thread 0x00007f276c224870 nmethod 4065 0x00007f275a21ce90 code [0x00007f275a21d0a0, 0x00007f275a21d6b0]
Event: 2.601 Thread 0x00007f276c224870 4066       3       java.lang.invoke.LambdaFormEditor$TransformKey::packedBytes (32 bytes)
Event: 2.601 Thread 0x00007f276c224870 nmethod 4066 0x00007f275a21d910 code [0x00007f275a21daa0, 0x00007f275a21db90]
Event: 2.618 Thread 0x00007f276c224870 4069       3       com.google.common.collect.Iterators$9::hasNext (13 bytes)
Event: 2.618 Thread 0x00007f276c224870 nmethod 4069 0x00007f275a21dc10 code [0x00007f275a21dda0, 0x00007f275a21df10]

GC Heap History (20 events):
Event: 0.495 GC heap before
{Heap before GC invocations=1 (full 0):
 garbage-first heap   total 256000K, used 40128K [0x0000000080000000, 0x0000000100000000)
  region size 1024K, 31 young (31744K), 3 survivors (3072K)
 Metaspace       used 11711K, committed 11904K, reserved 1064960K
  class space    used 1276K, committed 1344K, reserved 1048576K
}
Event: 0.497 GC heap after
{Heap after GC invocations=2 (full 0):
 garbage-first heap   total 256000K, used 15774K [0x0000000080000000, 0x0000000100000000)
  region size 1024K, 4 young (4096K), 4 survivors (4096K)
 Metaspace       used 11711K, committed 11904K, reserved 1064960K
  class space    used 1276K, committed 1344K, reserved 1048576K
}
Event: 0.882 GC heap before
{Heap before GC invocations=2 (full 0):
 garbage-first heap   total 256000K, used 51614K [0x0000000080000000, 0x0000000100000000)
  region size 1024K, 40 young (40960K), 4 survivors (4096K)
 Metaspace       used 21283K, committed 21504K, reserved 1073152K
  class space    used 2625K, committed 2752K, reserved 1048576K
}
Event: 0.885 GC heap after
{Heap after GC invocations=3 (full 0):
 garbage-first heap   total 256000K, used 18389K [0x0000000080000000, 0x0000000100000000)
  region size 1024K, 7 young (7168K), 7 survivors (7168K)
 Metaspace       used 21283K, committed 21504K, reserved 1073152K
  class space    used 2625K, committed 2752K, reserved 1048576K
}
Event: 1.147 GC heap before
{Heap before GC invocations=4 (full 0):
 garbage-first heap   total 68608K, used 51157K [0x0000000080000000, 0x0000000100000000)
  region size 1024K, 41 young (41984K), 7 survivors (7168K)
 Metaspace       used 26087K, committed 26304K, reserved 1073152K
  class space    used 3475K, committed 3584K, reserved 1048576K
}
Event: 1.152 GC heap after
{Heap after GC invocations=5 (full 0):
 garbage-first heap   total 68608K, used 20512K [0x0000000080000000, 0x0000000100000000)
  region size 1024K, 9 young (9216K), 9 survivors (9216K)
 Metaspace       used 26087K, committed 26304K, reserved 1073152K
  class space    used 3475K, committed 3584K, reserved 1048576K
}
Event: 1.389 GC heap before
{Heap before GC invocations=5 (full 0):
 garbage-first heap   total 68608K, used 47136K [0x0000000080000000, 0x0000000100000000)
  region size 1024K, 36 young (36864K), 9 survivors (9216K)
 Metaspace       used 29966K, committed 30272K, reserved 1081344K
  class space    used 4112K, committed 4288K, reserved 1048576K
}
Event: 1.393 GC heap after
{Heap after GC invocations=6 (full 0):
 garbage-first heap   total 68608K, used 22099K [0x0000000080000000, 0x0000000100000000)
  region size 1024K, 4 young (4096K), 4 survivors (4096K)
 Metaspace       used 29966K, committed 30272K, reserved 1081344K
  class space    used 4112K, committed 4288K, reserved 1048576K
}
Event: 1.606 GC heap before
{Heap before GC invocations=6 (full 0):
 garbage-first heap   total 68608K, used 49747K [0x0000000080000000, 0x0000000100000000)
  region size 1024K, 31 young (31744K), 4 survivors (4096K)
 Metaspace       used 34059K, committed 34304K, reserved 1081344K
  class space    used 4745K, committed 4864K, reserved 1048576K
}
Event: 1.608 GC heap after
{Heap after GC invocations=7 (full 0):
 garbage-first heap   total 68608K, used 23140K [0x0000000080000000, 0x0000000100000000)
  region size 1024K, 3 young (3072K), 3 survivors (3072K)
 Metaspace       used 34059K, committed 34304K, reserved 1081344K
  class space    used 4745K, committed 4864K, reserved 1048576K
}
Event: 1.679 GC heap before
{Heap before GC invocations=7 (full 0):
 garbage-first heap   total 68608K, used 32356K [0x0000000080000000, 0x0000000100000000)
  region size 1024K, 13 young (13312K), 3 survivors (3072K)
 Metaspace       used 35624K, committed 35968K, reserved 1081344K
  class space    used 4985K, committed 5184K, reserved 1048576K
}
Event: 1.682 GC heap after
{Heap after GC invocations=8 (full 0):
 garbage-first heap   total 68608K, used 23963K [0x0000000080000000, 0x0000000100000000)
  region size 1024K, 3 young (3072K), 3 survivors (3072K)
 Metaspace       used 35624K, committed 35968K, reserved 1081344K
  class space    used 4985K, committed 5184K, reserved 1048576K
}
Event: 1.921 GC heap before
{Heap before GC invocations=9 (full 0):
 garbage-first heap   total 68608K, used 50587K [0x0000000080000000, 0x0000000100000000)
  region size 1024K, 30 young (30720K), 3 survivors (3072K)
 Metaspace       used 40838K, committed 41216K, reserved 1089536K
  class space    used 5494K, committed 5696K, reserved 1048576K
}
Event: 1.923 GC heap after
{Heap after GC invocations=10 (full 0):
 garbage-first heap   total 68608K, used 27510K [0x0000000080000000, 0x0000000100000000)
  region size 1024K, 4 young (4096K), 4 survivors (4096K)
 Metaspace       used 40838K, committed 41216K, reserved 1089536K
  class space    used 5494K, committed 5696K, reserved 1048576K
}
Event: 2.069 GC heap before
{Heap before GC invocations=10 (full 0):
 garbage-first heap   total 68608K, used 56182K [0x0000000080000000, 0x0000000100000000)
  region size 1024K, 28 young (28672K), 4 survivors (4096K)
 Metaspace       used 42986K, committed 43392K, reserved 1089536K
  class space    used 5701K, committed 5888K, reserved 1048576K
}
Event: 2.073 GC heap after
{Heap after GC invocations=11 (full 0):
 garbage-first heap   total 82944K, used 30615K [0x0000000080000000, 0x0000000100000000)
  region size 1024K, 3 young (3072K), 3 survivors (3072K)
 Metaspace       used 42986K, committed 43392K, reserved 1089536K
  class space    used 5701K, committed 5888K, reserved 1048576K
}
Event: 2.335 GC heap before
{Heap before GC invocations=11 (full 0):
 garbage-first heap   total 82944K, used 62359K [0x0000000080000000, 0x0000000100000000)
  region size 1024K, 34 young (34816K), 3 survivors (3072K)
 Metaspace       used 45669K, committed 46080K, reserved 1089536K
  class space    used 6138K, committed 6336K, reserved 1048576K
}
Event: 2.337 GC heap after
{Heap after GC invocations=12 (full 0):
 garbage-first heap   total 82944K, used 33715K [0x0000000080000000, 0x0000000100000000)
  region size 1024K, 3 young (3072K), 3 survivors (3072K)
 Metaspace       used 45669K, committed 46080K, reserved 1089536K
  class space    used 6138K, committed 6336K, reserved 1048576K
}
Event: 2.581 GC heap before
{Heap before GC invocations=12 (full 0):
 garbage-first heap   total 82944K, used 64435K [0x0000000080000000, 0x0000000100000000)
  region size 1024K, 32 young (32768K), 3 survivors (3072K)
 Metaspace       used 49495K, committed 49920K, reserved 1097728K
  class space    used 6640K, committed 6848K, reserved 1048576K
}
Event: 2.584 GC heap after
{Heap after GC invocations=13 (full 0):
 garbage-first heap   total 82944K, used 35314K [0x0000000080000000, 0x0000000100000000)
  region size 1024K, 2 young (2048K), 2 survivors (2048K)
 Metaspace       used 49495K, committed 49920K, reserved 1097728K
  class space    used 6640K, committed 6848K, reserved 1048576K
}

Dll operation events (13 events):
Event: 0.001 Loaded shared library /var/home/mihail/.local/share/JetBrains/Toolbox/apps/AndroidStudio/ch-0/222.4459.24.2221.10121639/jbr/lib/libjava.so
Event: 0.079 Loaded shared library /var/home/mihail/.local/share/JetBrains/Toolbox/apps/AndroidStudio/ch-0/222.4459.24.2221.10121639/jbr/lib/libzip.so
Event: 0.080 Loaded shared library /var/home/mihail/.local/share/JetBrains/Toolbox/apps/AndroidStudio/ch-0/222.4459.24.2221.10121639/jbr/lib/libinstrument.so
Event: 0.085 Loaded shared library /var/home/mihail/.local/share/JetBrains/Toolbox/apps/AndroidStudio/ch-0/222.4459.24.2221.10121639/jbr/lib/libnio.so
Event: 0.091 Loaded shared library /var/home/mihail/.local/share/JetBrains/Toolbox/apps/AndroidStudio/ch-0/222.4459.24.2221.10121639/jbr/lib/libzip.so
Event: 0.144 Loaded shared library /var/home/mihail/.local/share/JetBrains/Toolbox/apps/AndroidStudio/ch-0/222.4459.24.2221.10121639/jbr/lib/libjimage.so
Event: 0.172 Loaded shared library /var/home/mihail/.local/share/JetBrains/Toolbox/apps/AndroidStudio/ch-0/222.4459.24.2221.10121639/jbr/lib/libverify.so
Event: 0.254 Loaded shared library /var/home/mihail/.local/share/JetBrains/Toolbox/apps/AndroidStudio/ch-0/222.4459.24.2221.10121639/jbr/lib/libnet.so
Event: 0.255 Loaded shared library /var/home/mihail/.gradle/native/68d5fa5c4cc2d200863cafc0d521ce42e7d3e7ee720ec0a83991735586a16f82/linux-amd64/libnative-platform.so
Event: 0.258 Loaded shared library /var/home/mihail/.gradle/native/e376f236ea51e6404a007f0833ffe2c6e607c4080706a723a18a27aeea778392/linux-amd64/libnative-platform-file-events.so
Event: 0.588 Loaded shared library /var/home/mihail/.local/share/JetBrains/Toolbox/apps/AndroidStudio/ch-0/222.4459.24.2221.10121639/jbr/lib/libmanagement.so
Event: 0.589 Loaded shared library /var/home/mihail/.local/share/JetBrains/Toolbox/apps/AndroidStudio/ch-0/222.4459.24.2221.10121639/jbr/lib/libmanagement_ext.so
Event: 0.684 Loaded shared library /var/home/mihail/.local/share/JetBrains/Toolbox/apps/AndroidStudio/ch-0/222.4459.24.2221.10121639/jbr/lib/libextnet.so

Deoptimization events (20 events):
Event: 2.510 Thread 0x00007f26cc008650 Uncommon trap: trap_request=0xffffffc6 fr.pc=0x00007f27615ee424 relative=0x0000000000000264
Event: 2.510 Thread 0x00007f26cc008650 Uncommon trap: reason=bimorphic_or_optimized_type_check action=maybe_recompile pc=0x00007f27615ee424 method=com.google.common.base.CharMatcher.indexIn(Ljava/lang/CharSequence;I)I @ 31 c2
Event: 2.510 Thread 0x00007f26cc008650 DEOPT PACKING pc=0x00007f27615ee424 sp=0x00007f2720ff7780
Event: 2.510 Thread 0x00007f26cc008650 DEOPT UNPACKING pc=0x00007f2760f8d699 sp=0x00007f2720ff7748 mode 2
Event: 2.513 Thread 0x00007f26cc008650 Uncommon trap: trap_request=0xffffffc6 fr.pc=0x00007f27615ee424 relative=0x0000000000000264
Event: 2.513 Thread 0x00007f26cc008650 Uncommon trap: reason=bimorphic_or_optimized_type_check action=maybe_recompile pc=0x00007f27615ee424 method=com.google.common.base.CharMatcher.indexIn(Ljava/lang/CharSequence;I)I @ 31 c2
Event: 2.513 Thread 0x00007f26cc008650 DEOPT PACKING pc=0x00007f27615ee424 sp=0x00007f2720ff7780
Event: 2.513 Thread 0x00007f26cc008650 DEOPT UNPACKING pc=0x00007f2760f8d699 sp=0x00007f2720ff7748 mode 2
Event: 2.513 Thread 0x00007f26cc008650 Uncommon trap: trap_request=0xffffffc6 fr.pc=0x00007f27615ee424 relative=0x0000000000000264
Event: 2.513 Thread 0x00007f26cc008650 Uncommon trap: reason=bimorphic_or_optimized_type_check action=maybe_recompile pc=0x00007f27615ee424 method=com.google.common.base.CharMatcher.indexIn(Ljava/lang/CharSequence;I)I @ 31 c2
Event: 2.513 Thread 0x00007f26cc008650 DEOPT PACKING pc=0x00007f27615ee424 sp=0x00007f2720ff7780
Event: 2.513 Thread 0x00007f26cc008650 DEOPT UNPACKING pc=0x00007f2760f8d699 sp=0x00007f2720ff7748 mode 2
Event: 2.514 Thread 0x00007f26cc008650 Uncommon trap: trap_request=0xffffffc6 fr.pc=0x00007f27615ee424 relative=0x0000000000000264
Event: 2.514 Thread 0x00007f26cc008650 Uncommon trap: reason=bimorphic_or_optimized_type_check action=maybe_recompile pc=0x00007f27615ee424 method=com.google.common.base.CharMatcher.indexIn(Ljava/lang/CharSequence;I)I @ 31 c2
Event: 2.514 Thread 0x00007f26cc008650 DEOPT PACKING pc=0x00007f27615ee424 sp=0x00007f2720ff7780
Event: 2.514 Thread 0x00007f26cc008650 DEOPT UNPACKING pc=0x00007f2760f8d699 sp=0x00007f2720ff7748 mode 2
Event: 2.607 Thread 0x00007f276d429af0 Uncommon trap: trap_request=0xffffffde fr.pc=0x00007f27616d1230 relative=0x00000000000002d0
Event: 2.607 Thread 0x00007f276d429af0 Uncommon trap: reason=class_check action=maybe_recompile pc=0x00007f27616d1230 method=java.util.stream.ReferencePipeline.forEachWithCancel(Ljava/util/Spliterator;Ljava/util/stream/Sink;)Z @ 1 c2
Event: 2.607 Thread 0x00007f276d429af0 DEOPT PACKING pc=0x00007f27616d1230 sp=0x00007f2721bfe3a0
Event: 2.607 Thread 0x00007f276d429af0 DEOPT UNPACKING pc=0x00007f2760f8d699 sp=0x00007f2721bfe218 mode 2

Classes unloaded (0 events):
No events

Classes redefined (0 events):
No events

Internal exceptions (20 events):
Event: 2.296 Thread 0x00007f26c8011370 Exception <a 'java/lang/NoSuchMethodError'{0x00000000837b4698}: static Lorg/gradle/internal/build/event/types/DefaultProjectConfigurationDescriptor;.<clinit>()V> (0x00000000837b4698) 
thrown [src/hotspot/share/prims/jni.cpp, line 1108]
Event: 2.296 Thread 0x00007f26c8011370 Exception <a 'java/lang/NoSuchMethodError'{0x00000000837b69c0}: static Lorg/gradle/internal/build/event/types/DefaultOperationDescriptor;.<clinit>()V> (0x00000000837b69c0) 
thrown [src/hotspot/share/prims/jni.cpp, line 1108]
Event: 2.298 Thread 0x00007f26c8011370 Exception <a 'java/lang/NoSuchMethodError'{0x00000000837cd910}: static Lorg/gradle/internal/operations/OperationIdentifier;.<clinit>()V> (0x00000000837cd910) 
thrown [src/hotspot/share/prims/jni.cpp, line 1108]
Event: 2.343 Thread 0x00007f26cc008650 Exception <a 'java/lang/NoSuchMethodError'{0x000000008f9c6710}: 'long java.lang.invoke.DirectMethodHandle$Holder.invokeStatic(java.lang.Object, long)'> (0x000000008f9c6710) 
thrown [src/hotspot/share/interpreter/linkResolver.cpp, line 771]
Event: 2.419 Thread 0x00007f26cc008650 Exception <a 'java/lang/NoSuchMethodError'{0x00000000845676b0}: 'void java.lang.invoke.DirectMethodHandle$Holder.invokeStatic(java.lang.Object, java.lang.Object, java.lang.Object, java.lang.Object, java.lang.Object, java.lang.Object)'> (0x00000000845676b0) 
thrown [src/hotspot/share/interpreter/linkResolver.cpp, line 771]
Event: 2.430 Thread 0x00007f26cc008650 Exception <a 'java/lang/ClassNotFoundException'{0x0000000084472bb8}: build_16qg59pgom611fg5hc00hl4sBeanInfo> (0x0000000084472bb8) 
thrown [src/hotspot/share/classfile/systemDictionary.cpp, line 256]
Event: 2.430 Thread 0x00007f26cc008650 Exception <a 'java/lang/ClassNotFoundException'{0x000000008447d558}: org/gradle/api/internal/project/ProjectScriptBeanInfo> (0x000000008447d558) 
thrown [src/hotspot/share/classfile/systemDictionary.cpp, line 256]
Event: 2.431 Thread 0x00007f26cc008650 Exception <a 'java/lang/ClassNotFoundException'{0x0000000084487f88}: org/gradle/api/internal/project/ProjectScriptCustomizer> (0x0000000084487f88) 
thrown [src/hotspot/share/classfile/systemDictionary.cpp, line 256]
Event: 2.431 Thread 0x00007f26cc008650 Exception <a 'java/lang/ClassNotFoundException'{0x000000008449f6f8}: build_16qg59pgom611fg5hc00hl4sCustomizer> (0x000000008449f6f8) 
thrown [src/hotspot/share/classfile/systemDictionary.cpp, line 256]
Event: 2.436 Thread 0x00007f26cc008650 Exception <a 'java/lang/ClassNotFoundException'{0x0000000084300cf8}: org/gradle/api/internal/initialization/DefaultScriptHandlerBeanInfo> (0x0000000084300cf8) 
thrown [src/hotspot/share/classfile/systemDictionary.cpp, line 256]
Event: 2.437 Thread 0x00007f26cc008650 Exception <a 'java/lang/ClassNotFoundException'{0x0000000084311788}: org/gradle/api/internal/initialization/DefaultScriptHandlerCustomizer> (0x0000000084311788) 
thrown [src/hotspot/share/classfile/systemDictionary.cpp, line 256]
Event: 2.496 Thread 0x00007f26cc008650 Exception <a 'java/lang/ClassNotFoundException'{0x0000000083dc9858}: org/gradle/api/internal/artifacts/dsl/dependencies/DefaultDependencyHandler_DecoratedBeanInfo> (0x0000000083dc9858) 
thrown [src/hotspot/share/classfile/systemDictionary.cpp, line 256]
Event: 2.496 Thread 0x00007f26cc008650 Exception <a 'java/lang/ClassNotFoundException'{0x0000000083ddfff0}: org/gradle/api/internal/artifacts/dsl/dependencies/DefaultDependencyHandlerBeanInfo> (0x0000000083ddfff0) 
thrown [src/hotspot/share/classfile/systemDictionary.cpp, line 256]
Event: 2.497 Thread 0x00007f26cc008650 Exception <a 'java/lang/ClassNotFoundException'{0x0000000083df61f8}: org/gradle/api/internal/artifacts/dsl/dependencies/DefaultDependencyHandlerCustomizer> (0x0000000083df61f8) 
thrown [src/hotspot/share/classfile/systemDictionary.cpp, line 256]
Event: 2.499 Thread 0x00007f26cc008650 Exception <a 'java/lang/ClassNotFoundException'{0x0000000083c33d80}: org/gradle/api/internal/artifacts/dsl/dependencies/DefaultDependencyHandler_DecoratedCustomizer> (0x0000000083c33d80) 
thrown [src/hotspot/share/classfile/systemDictionary.cpp, line 256]
Event: 2.508 Thread 0x00007f26cc008650 Exception <a 'java/lang/ClassNotFoundException'{0x0000000083b1ae48}: org/gradle/plugin/use/internal/PluginRequestCollector$PluginDependenciesSpecImplBeanInfo> (0x0000000083b1ae48) 
thrown [src/hotspot/share/classfile/systemDictionary.cpp, line 256]
Event: 2.509 Thread 0x00007f26cc008650 Exception <a 'java/lang/ClassNotFoundException'{0x0000000083b2bb88}: org/gradle/plugin/use/internal/PluginRequestCollector$PluginDependenciesSpecImplCustomizer> (0x0000000083b2bb88) 
thrown [src/hotspot/share/classfile/systemDictionary.cpp, line 256]
Event: 2.511 Thread 0x00007f26cc008650 Exception <a 'java/lang/ClassNotFoundException'{0x0000000083b641c8}: org/gradle/plugin/use/internal/PluginRequestCollector$PluginDependencySpecImplBeanInfo> (0x0000000083b641c8) 
thrown [src/hotspot/share/classfile/systemDictionary.cpp, line 256]
Event: 2.512 Thread 0x00007f26cc008650 Exception <a 'java/lang/ClassNotFoundException'{0x0000000083b74ea8}: org/gradle/plugin/use/internal/PluginRequestCollector$PluginDependencySpecImplCustomizer> (0x0000000083b74ea8) 
thrown [src/hotspot/share/classfile/systemDictionary.cpp, line 256]
Event: 2.551 Thread 0x00007f26cc008650 Exception <a 'java/lang/NoSuchMethodError'{0x000000008373e050}: 'java.lang.Object java.lang.invoke.DirectMethodHandle$Holder.newInvokeSpecial(java.lang.Object, int, java.lang.Object)'> (0x000000008373e050) 
thrown [src/hotspot/share/interpreter/linkResolver.cpp, line 771]

VM Operations (20 events):
Event: 1.844 Executing VM operation: HandshakeAllThreads
Event: 1.844 Executing VM operation: HandshakeAllThreads done
Event: 1.846 Executing VM operation: HandshakeAllThreads
Event: 1.846 Executing VM operation: HandshakeAllThreads done
Event: 1.847 Executing VM operation: HandshakeAllThreads
Event: 1.847 Executing VM operation: HandshakeAllThreads done
Event: 1.891 Executing VM operation: HandshakeAllThreads
Event: 1.891 Executing VM operation: HandshakeAllThreads done
Event: 1.920 Executing VM operation: G1CollectForAllocation
Event: 1.923 Executing VM operation: G1CollectForAllocation done
Event: 2.069 Executing VM operation: G1CollectForAllocation
Event: 2.073 Executing VM operation: G1CollectForAllocation done
Event: 2.284 Executing VM operation: HandshakeAllThreads
Event: 2.285 Executing VM operation: HandshakeAllThreads done
Event: 2.334 Executing VM operation: G1CollectForAllocation
Event: 2.337 Executing VM operation: G1CollectForAllocation done
Event: 2.347 Executing VM operation: HandshakeAllThreads
Event: 2.347 Executing VM operation: HandshakeAllThreads done
Event: 2.581 Executing VM operation: G1CollectForAllocation
Event: 2.584 Executing VM operation: G1CollectForAllocation done

Events (20 events):
Event: 2.408 loading class javax/net/ssl/X509TrustManager
Event: 2.408 loading class javax/net/ssl/X509TrustManager done
Event: 2.409 loading class javax/net/ssl/SSLPeerUnverifiedException
Event: 2.409 loading class javax/net/ssl/SSLException
Event: 2.409 loading class javax/net/ssl/SSLException done
Event: 2.409 loading class javax/net/ssl/SSLPeerUnverifiedException done
Event: 2.409 loading class javax/naming/NamingException
Event: 2.409 loading class javax/naming/NamingException done
Event: 2.409 loading class javax/naming/InvalidNameException
Event: 2.409 loading class javax/naming/InvalidNameException done
Event: 2.409 loading class java/security/cert/CertificateParsingException
Event: 2.409 loading class java/security/cert/CertificateException
Event: 2.409 loading class java/security/cert/CertificateException done
Event: 2.409 loading class java/security/cert/CertificateParsingException done
Event: 2.426 Thread 0x00007f26c92caa00 Thread added: 0x00007f26c92caa00
Event: 2.426 Protecting memory [0x00007f26a9d00000,0x00007f26a9d04000] with protection modes 0
Event: 2.536 loading class java/io/DeleteOnExitHook
Event: 2.536 loading class java/io/DeleteOnExitHook done
Event: 2.536 loading class java/io/DeleteOnExitHook$1
Event: 2.536 loading class java/io/DeleteOnExitHook$1 done


Dynamic libraries:
00200000-00201000 r--p 00000000 00:23 175568                             /var/home/mihail/.local/share/JetBrains/Toolbox/apps/AndroidStudio/ch-0/222.4459.24.2221.10121639/jbr/bin/java
00201000-00202000 r-xp 00000000 00:23 175568                             /var/home/mihail/.local/share/JetBrains/Toolbox/apps/AndroidStudio/ch-0/222.4459.24.2221.10121639/jbr/bin/java
00202000-00203000 r--p 00000000 00:23 175568                             /var/home/mihail/.local/share/JetBrains/Toolbox/apps/AndroidStudio/ch-0/222.4459.24.2221.10121639/jbr/bin/java
00203000-00204000 rw-p 00000000 00:23 175568                             /var/home/mihail/.local/share/JetBrains/Toolbox/apps/AndroidStudio/ch-0/222.4459.24.2221.10121639/jbr/bin/java
00896000-008de000 rw-p 00000000 00:00 0                                  [heap]
80000000-84900000 rw-p 00000000 00:00 0 
84900000-8cb00000 ---p 00000000 00:00 0 
8cb00000-8d200000 rw-p 00000000 00:00 0 
8d200000-8f900000 ---p 00000000 00:00 0 
8f900000-8fa00000 rw-p 00000000 00:00 0 
8fa00000-100000000 ---p 00000000 00:00 0 
100000000-100010000 rw-p 00000000 00:00 0 
100010000-100030000 rw-p 00000000 00:00 0 
100030000-1000b0000 rw-p 00000000 00:00 0 
1000b0000-100130000 rw-p 00000000 00:00 0 
100130000-100170000 rw-p 00000000 00:00 0 
100170000-1001b0000 rw-p 00000000 00:00 0 
1001b0000-1001f0000 rw-p 00000000 00:00 0 
1001f0000-1002d0000 rw-p 00000000 00:00 0 
1002d0000-1002f0000 rw-p 00000000 00:00 0 
1002f0000-100530000 rw-p 00000000 00:00 0 
100530000-100630000 rw-p 00000000 00:00 0 
100630000-100650000 rw-p 00000000 00:00 0 
100650000-100680000 ---p 00000000 00:00 0 
100680000-100700000 rw-p 00000000 00:00 0 
100700000-140000000 ---p 00000000 00:00 0 
7f264bfff000-7f265c021000 rw-p 00000000 00:00 0 
7f265c021000-7f2660000000 ---p 00000000 00:00 0 
7f2664000000-7f2664021000 rw-p 00000000 00:00 0 
7f2664021000-7f2668000000 ---p 00000000 00:00 0 
7f2668000000-7f2668021000 rw-p 00000000 00:00 0 
7f2668021000-7f266c000000 ---p 00000000 00:00 0 
7f266c000000-7f266c021000 rw-p 00000000 00:00 0 
7f266c021000-7f2670000000 ---p 00000000 00:00 0 
7f2670000000-7f2670021000 rw-p 00000000 00:00 0 
7f2670021000-7f2674000000 ---p 00000000 00:00 0 
7f2674000000-7f2674021000 rw-p 00000000 00:00 0 
7f2674021000-7f2678000000 ---p 00000000 00:00 0 
7f2678000000-7f2678021000 rw-p 00000000 00:00 0 
7f2678021000-7f267c000000 ---p 00000000 00:00 0 
7f267c000000-7f267c021000 rw-p 00000000 00:00 0 
7f267c021000-7f2680000000 ---p 00000000 00:00 0 
7f2680000000-7f2680021000 rw-p 00000000 00:00 0 
7f2680021000-7f2684000000 ---p 00000000 00:00 0 
7f2684000000-7f2684021000 rw-p 00000000 00:00 0 
7f2684021000-7f2688000000 ---p 00000000 00:00 0 
7f2688000000-7f2688021000 rw-p 00000000 00:00 0 
7f2688021000-7f268c000000 ---p 00000000 00:00 0 
7f268c000000-7f268c021000 rw-p 00000000 00:00 0 
7f268c021000-7f2690000000 ---p 00000000 00:00 0 
7f2690000000-7f2690021000 rw-p 00000000 00:00 0 
7f2690021000-7f2694000000 ---p 00000000 00:00 0 
7f2694000000-7f2694021000 rw-p 00000000 00:00 0 
7f2694021000-7f2698000000 ---p 00000000 00:00 0 
7f2698000000-7f2698021000 rw-p 00000000 00:00 0 
7f2698021000-7f269c000000 ---p 00000000 00:00 0 
7f269c000000-7f269c021000 rw-p 00000000 00:00 0 
7f269c021000-7f26a0000000 ---p 00000000 00:00 0 
7f26a0000000-7f26a0021000 rw-p 00000000 00:00 0 
7f26a0021000-7f26a4000000 ---p 00000000 00:00 0 
7f26a4000000-7f26a4021000 rw-p 00000000 00:00 0 
7f26a4021000-7f26a8000000 ---p 00000000 00:00 0 
7f26a9400000-7f26a96b0000 rw-p 00000000 00:00 0 
7f26a96b0000-7f26a9c00000 ---p 00000000 00:00 0 
7f26a9d00000-7f26a9d04000 ---p 00000000 00:00 0 
7f26a9d04000-7f26a9e00000 rw-p 00000000 00:00 0 
7f26a9e00000-7f26a9e04000 ---p 00000000 00:00 0 
7f26a9e04000-7f26a9f00000 rw-p 00000000 00:00 0 
7f26a9f00000-7f26a9f04000 ---p 00000000 00:00 0 
7f26a9f04000-7f26aa0f0000 rw-p 00000000 00:00 0 
7f26aa0f0000-7f26aa2f0000 rw-p 00000000 00:00 0 
7f26aa2f0000-7f26aa3f0000 rw-p 00000000 00:00 0 
7f26aa3f0000-7f26aa800000 rw-p 00000000 00:00 0 
7f26aa8fe000-7f26aa902000 ---p 00000000 00:00 0 
7f26aa902000-7f26aa9fe000 rw-p 00000000 00:00 0 
7f26aa9fe000-7f26aaa02000 ---p 00000000 00:00 0 
7f26aaa02000-7f26aaafe000 rw-p 00000000 00:00 0 
7f26aaafe000-7f26aaaff000 ---p 00000000 00:00 0 
7f26aaaff000-7f26aac00000 rw-p 00000000 00:00 0 
7f26aac00000-7f26aac04000 ---p 00000000 00:00 0 
7f26aac04000-7f26aad00000 rw-p 00000000 00:00 0 
7f26aad00000-7f26aad04000 ---p 00000000 00:00 0 
7f26aad04000-7f26aae00000 rw-p 00000000 00:00 0 
7f26aae00000-7f26aae04000 ---p 00000000 00:00 0 
7f26aae04000-7f26aaf00000 rw-p 00000000 00:00 0 
7f26aaf00000-7f26aaf04000 ---p 00000000 00:00 0 
7f26aaf04000-7f26ab000000 rw-p 00000000 00:00 0 
7f26ab000000-7f26ab004000 ---p 00000000 00:00 0 
7f26ab004000-7f26ab100000 rw-p 00000000 00:00 0 
7f26ab100000-7f26ab104000 ---p 00000000 00:00 0 
7f26ab104000-7f26ab200000 rw-p 00000000 00:00 0 
7f26ab200000-7f26ab204000 ---p 00000000 00:00 0 
7f26ab204000-7f26ab300000 rw-p 00000000 00:00 0 
7f26ab300000-7f26ab304000 ---p 00000000 00:00 0 
7f26ab304000-7f26ab8f0000 rw-p 00000000 00:00 0 
7f26ab8f0000-7f26ab9f0000 rw-p 00000000 00:00 0 
7f26ab9f0000-7f26abc00000 rw-p 00000000 00:00 0 
7f26abc00000-7f26abc04000 ---p 00000000 00:00 0 
7f26abc04000-7f26abd00000 rw-p 00000000 00:00 0 
7f26abd00000-7f26abd04000 ---p 00000000 00:00 0 
7f26abd04000-7f26abe00000 rw-p 00000000 00:00 0 
7f26abe00000-7f26abe04000 ---p 00000000 00:00 0 
7f26abe04000-7f26abf00000 rw-p 00000000 00:00 0 
7f26abf00000-7f26abf04000 ---p 00000000 00:00 0 
7f26abf04000-7f26ac021000 rw-p 00000000 00:00 0 
7f26ac021000-7f26b0000000 ---p 00000000 00:00 0 
7f26b0000000-7f26b0021000 rw-p 00000000 00:00 0 
7f26b0021000-7f26b4000000 ---p 00000000 00:00 0 
7f26b4000000-7f26b4021000 rw-p 00000000 00:00 0 
7f26b4021000-7f26b8000000 ---p 00000000 00:00 0 
7f26b8000000-7f26b8021000 rw-p 00000000 00:00 0 
7f26b8021000-7f26bc000000 ---p 00000000 00:00 0 
7f26bc000000-7f26bc021000 rw-p 00000000 00:00 0 
7f26bc021000-7f26c0000000 ---p 00000000 00:00 0 
7f26c0000000-7f26c0021000 rw-p 00000000 00:00 0 
7f26c0021000-7f26c4000000 ---p 00000000 00:00 0 
7f26c4000000-7f26c4021000 rw-p 00000000 00:00 0 
7f26c4021000-7f26c8000000 ---p 00000000 00:00 0 
7f26c8000000-7f26c93ca000 rw-p 00000000 00:00 0 
7f26c93ca000-7f26cc000000 ---p 00000000 00:00 0 
7f26cc000000-7f26cc021000 rw-p 00000000 00:00 0 
7f26cc021000-7f26d0000000 ---p 00000000 00:00 0 
7f26d0000000-7f26d0036000 rw-p 00000000 00:00 0 
7f26d0036000-7f26d4000000 ---p 00000000 00:00 0 
7f26d4000000-7f26d4055000 rw-p 00000000 00:00 0 
7f26d4055000-7f26d8000000 ---p 00000000 00:00 0 
7f26d8000000-7f26d8021000 rw-p 00000000 00:00 0 
7f26d8021000-7f26dc000000 ---p 00000000 00:00 0 
7f26dc000000-7f26dc021000 rw-p 00000000 00:00 0 
7f26dc021000-7f26e0000000 ---p 00000000 00:00 0 
7f26e0000000-7f26e0023000 rw-p 00000000 00:00 0 
7f26e0023000-7f26e4000000 ---p 00000000 00:00 0 
7f26e4000000-7f26e4021000 rw-p 00000000 00:00 0 
7f26e4021000-7f26e8000000 ---p 00000000 00:00 0 
7f26e8000000-7f26e8021000 rw-p 00000000 00:00 0 
7f26e8021000-7f26ec000000 ---p 00000000 00:00 0 
7f26ec000000-7f26ec021000 rw-p 00000000 00:00 0 
7f26ec021000-7f26f0000000 ---p 00000000 00:00 0 
7f26f0000000-7f26f0021000 rw-p 00000000 00:00 0 
7f26f0021000-7f26f4000000 ---p 00000000 00:00 0 
7f26f4000000-7f26f53c0000 rw-p 00000000 00:00 0 
7f26f53c0000-7f26f8000000 ---p 00000000 00:00 0 
7f26f8000000-7f26f9490000 rw-p 00000000 00:00 0 
7f26f9490000-7f26fc000000 ---p 00000000 00:00 0 
7f26fc000000-7f26fc021000 rw-p 00000000 00:00 0 
7f26fc021000-7f2700000000 ---p 00000000 00:00 0 
7f2700000000-7f2700021000 rw-p 00000000 00:00 0 
7f2700021000-7f2704000000 ---p 00000000 00:00 0 
7f2704000000-7f2704021000 rw-p 00000000 00:00 0 
7f2704021000-7f2708000000 ---p 00000000 00:00 0 
7f2708000000-7f2708021000 rw-p 00000000 00:00 0 
7f2708021000-7f270c000000 ---p 00000000 00:00 0 
7f270c000000-7f270d41b000 rw-p 00000000 00:00 0 
7f270d41b000-7f2710000000 ---p 00000000 00:00 0 
7f2710000000-7f2710b15000 rw-p 00000000 00:00 0 
7f2710b15000-7f2714000000 ---p 00000000 00:00 0 
7f2714000000-7f2714021000 rw-p 00000000 00:00 0 
7f2714021000-7f2718000000 ---p 00000000 00:00 0 
7f2718000000-7f2718021000 rw-p 00000000 00:00 0 
7f2718021000-7f271c000000 ---p 00000000 00:00 0 
7f271c000000-7f271c021000 rw-p 00000000 00:00 0 
7f271c021000-7f2720000000 ---p 00000000 00:00 0 
7f27200fa000-7f27200fb000 ---p 00000000 00:00 0 
7f27200fb000-7f27201fc000 rw-p 00000000 00:00 0 
7f27201fc000-7f27201fd000 ---p 00000000 00:00 0 
7f27201fd000-7f27202fe000 rw-p 00000000 00:00 0 
7f27202fe000-7f27202ff000 ---p 00000000 00:00 0 
7f27202ff000-7f27204f0000 rw-p 00000000 00:00 0 
7f27204f0000-7f27205f0000 rw-p 00000000 00:00 0 
7f27205f0000-7f2720c00000 rw-p 00000000 00:00 0 
7f2720c00000-7f2720c04000 ---p 00000000 00:00 0 
7f2720c04000-7f2720d00000 rw-p 00000000 00:00 0 
7f2720d00000-7f2720d04000 ---p 00000000 00:00 0 
7f2720d04000-7f2720e00000 rw-p 00000000 00:00 0 
7f2720e00000-7f2720e04000 ---p 00000000 00:00 0 
7f2720e04000-7f2720f00000 rw-p 00000000 00:00 0 
7f2720f00000-7f2720f04000 ---p 00000000 00:00 0 
7f2720f04000-7f2721000000 rw-p 00000000 00:00 0 
7f2721000000-7f2721004000 ---p 00000000 00:00 0 
7f2721004000-7f2721100000 rw-p 00000000 00:00 0 
7f2721100000-7f2721104000 ---p 00000000 00:00 0 
7f2721104000-7f2721200000 rw-p 00000000 00:00 0 
7f2721200000-7f2721204000 ---p 00000000 00:00 0 
7f2721204000-7f2721300000 rw-p 00000000 00:00 0 
7f2721300000-7f2721304000 ---p 00000000 00:00 0 
7f2721304000-7f2721400000 rw-p 00000000 00:00 0 
7f2721400000-7f272149c000 r--p 00000000 00:23 111356                     /usr/lib64/libstdc++.so.6.0.32
7f272149c000-7f27215c6000 r-xp 0009c000 00:23 111356                     /usr/lib64/libstdc++.so.6.0.32
7f27215c6000-7f2721642000 r--p 001c6000 00:23 111356                     /usr/lib64/libstdc++.so.6.0.32
7f2721642000-7f272164f000 r--p 00242000 00:23 111356                     /usr/lib64/libstdc++.so.6.0.32
7f272164f000-7f2721650000 rw-p 0024f000 00:23 111356                     /usr/lib64/libstdc++.so.6.0.32
7f2721650000-7f2721654000 rw-p 00000000 00:00 0 
7f2721700000-7f2721704000 ---p 00000000 00:00 0 
7f2721704000-7f2721800000 rw-p 00000000 00:00 0 
7f2721800000-7f2721853000 r-xp 00000000 00:23 118334                     /var/home/mihail/.gradle/native/e376f236ea51e6404a007f0833ffe2c6e607c4080706a723a18a27aeea778392/linux-amd64/libnative-platform-file-events.so
7f2721853000-7f2721a52000 ---p 00053000 00:23 118334                     /var/home/mihail/.gradle/native/e376f236ea51e6404a007f0833ffe2c6e607c4080706a723a18a27aeea778392/linux-amd64/libnative-platform-file-events.so
7f2721a52000-7f2721a53000 r--p 00052000 00:23 118334                     /var/home/mihail/.gradle/native/e376f236ea51e6404a007f0833ffe2c6e607c4080706a723a18a27aeea778392/linux-amd64/libnative-platform-file-events.so
7f2721a53000-7f2721a55000 rw-p 00053000 00:23 118334                     /var/home/mihail/.gradle/native/e376f236ea51e6404a007f0833ffe2c6e607c4080706a723a18a27aeea778392/linux-amd64/libnative-platform-file-events.so
7f2721b00000-7f2721b04000 ---p 00000000 00:00 0 
7f2721b04000-7f2721c00000 rw-p 00000000 00:00 0 
7f2721c00000-7f2721c05000 r-xp 00000000 00:23 118322                     /var/home/mihail/.gradle/native/68d5fa5c4cc2d200863cafc0d521ce42e7d3e7ee720ec0a83991735586a16f82/linux-amd64/libnative-platform.so
7f2721c05000-7f2721e05000 ---p 00005000 00:23 118322                     /var/home/mihail/.gradle/native/68d5fa5c4cc2d200863cafc0d521ce42e7d3e7ee720ec0a83991735586a16f82/linux-amd64/libnative-platform.so
7f2721e05000-7f2721e06000 r--p 00005000 00:23 118322                     /var/home/mihail/.gradle/native/68d5fa5c4cc2d200863cafc0d521ce42e7d3e7ee720ec0a83991735586a16f82/linux-amd64/libnative-platform.so
7f2721e06000-7f2721e07000 rw-p 00006000 00:23 118322                     /var/home/mihail/.gradle/native/68d5fa5c4cc2d200863cafc0d521ce42e7d3e7ee720ec0a83991735586a16f82/linux-amd64/libnative-platform.so
7f2721efe000-7f2721eff000 ---p 00000000 00:00 0 
7f2721eff000-7f27220f0000 rw-p 00000000 00:00 0 
7f27220f0000-7f27221f0000 rw-p 00000000 00:00 0 
7f27221f0000-7f27222f0000 rw-p 00000000 00:00 0 
7f27222f0000-7f27224b0000 rw-p 00000000 00:00 0 
7f27224b0000-7f27224f0000 rw-p 00000000 00:00 0 
7f27224f0000-7f27226f0000 rw-p 00000000 00:00 0 
7f27226f0000-7f2722800000 rw-p 00000000 00:00 0 
7f27228fe000-7f27228ff000 ---p 00000000 00:00 0 
7f27228ff000-7f2722a00000 rw-p 00000000 00:00 0 
7f2722a00000-7f272fff9000 r--p 00000000 00:23 19115                      /usr/lib/locale/locale-archive
7f2730000000-7f2730021000 rw-p 00000000 00:00 0 
7f2730021000-7f2734000000 ---p 00000000 00:00 0 
7f2734000000-7f2734021000 rw-p 00000000 00:00 0 
7f2734021000-7f2738000000 ---p 00000000 00:00 0 
7f2738000000-7f2738021000 rw-p 00000000 00:00 0 
7f2738021000-7f273c000000 ---p 00000000 00:00 0 
7f273c000000-7f273c021000 rw-p 00000000 00:00 0 
7f273c021000-7f2740000000 ---p 00000000 00:00 0 
7f2740000000-7f2740021000 rw-p 00000000 00:00 0 
7f2740021000-7f2744000000 ---p 00000000 00:00 0 
7f27440d4000-7f27440d5000 ---p 00000000 00:00 0 
7f27440d5000-7f27441d6000 rw-p 00000000 00:00 0 
7f27441d6000-7f27441d7000 ---p 00000000 00:00 0 
7f27441d7000-7f27442d8000 rw-p 00000000 00:00 0 
7f27442d8000-7f27442d9000 ---p 00000000 00:00 0 
7f27442d9000-7f27443da000 rw-p 00000000 00:00 0 
7f27443da000-7f27443dd000 r--p 00000000 00:23 111822                     /usr/lib64/libgcc_s-13-20230614.so.1
7f27443dd000-7f27443f8000 r-xp 00003000 00:23 111822                     /usr/lib64/libgcc_s-13-20230614.so.1
7f27443f8000-7f27443fc000 r--p 0001e000 00:23 111822                     /usr/lib64/libgcc_s-13-20230614.so.1
7f27443fc000-7f27443fd000 r--p 00021000 00:23 111822                     /usr/lib64/libgcc_s-13-20230614.so.1
7f27443fd000-7f27443fe000 rw-p 00000000 00:00 0 
7f27443fe000-7f2744402000 ---p 00000000 00:00 0 
7f2744402000-7f27444fe000 rw-p 00000000 00:00 0 
7f27444fe000-7f2744502000 ---p 00000000 00:00 0 
7f2744502000-7f27445fe000 rw-p 00000000 00:00 0 
7f27445fe000-7f27445ff000 ---p 00000000 00:00 0 
7f27445ff000-7f2744700000 rw-p 00000000 00:00 0 
7f2744700000-7f2744704000 ---p 00000000 00:00 0 
7f2744704000-7f2744800000 rw-p 00000000 00:00 0 
7f2744800000-7f2744804000 ---p 00000000 00:00 0 
7f2744804000-7f2744900000 rw-p 00000000 00:00 0 
7f2744900000-7f2744904000 ---p 00000000 00:00 0 
7f2744904000-7f2744a00000 rw-p 00000000 00:00 0 
7f2744a00000-7f2744a04000 ---p 00000000 00:00 0 
7f2744a04000-7f2744b00000 rw-p 00000000 00:00 0 
7f2744b00000-7f2744b04000 ---p 00000000 00:00 0 
7f2744b04000-7f2744c00000 rw-p 00000000 00:00 0 
7f2744c00000-7f2744c04000 ---p 00000000 00:00 0 
7f2744c04000-7f2744d00000 rw-p 00000000 00:00 0 
7f2744d00000-7f2744d04000 ---p 00000000 00:00 0 
7f2744d04000-7f2744e00000 rw-p 00000000 00:00 0 
7f2744e00000-7f2744e04000 ---p 00000000 00:00 0 
7f2744e04000-7f2744f00000 rw-p 00000000 00:00 0 
7f2744f00000-7f2744f04000 ---p 00000000 00:00 0 
7f2744f04000-7f27454f0000 rw-p 00000000 00:00 0 
7f27454f0000-7f2745530000 rw-p 00000000 00:00 0 
7f2745530000-7f2745570000 rw-p 00000000 00:00 0 
7f2745570000-7f2745670000 rw-p 00000000 00:00 0 
7f2745670000-7f27456f0000 rw-p 00000000 00:00 0 
7f27456f0000-7f2745800000 rw-p 00000000 00:00 0 
7f274581b000-7f274581f000 ---p 00000000 00:00 0 
7f274581f000-7f274591b000 rw-p 00000000 00:00 0 
7f274591b000-7f274591c000 ---p 00000000 00:00 0 
7f274591c000-7f2745af9000 rw-p 00000000 00:00 0 
7f2745af9000-7f2745afa000 ---p 00000000 00:00 0 
7f2745afa000-7f2745bfb000 rw-p 00000000 00:00 0 
7f2745bfb000-7f2745bfc000 ---p 00000000 00:00 0 
7f2745bfc000-7f2748021000 rw-p 00000000 00:00 0 
7f2748021000-7f274c000000 ---p 00000000 00:00 0 
7f274c000000-7f274c021000 rw-p 00000000 00:00 0 
7f274c021000-7f2750000000 ---p 00000000 00:00 0 
7f2750000000-7f2750021000 rw-p 00000000 00:00 0 
7f2750021000-7f2754000000 ---p 00000000 00:00 0 
7f275400a000-7f2754011000 r--s 00000000 00:23 8314                       /usr/lib64/gconv/gconv-modules.cache
7f2754011000-7f2754014000 r--p 00000000 00:23 175623                     /var/home/mihail/.local/share/JetBrains/Toolbox/apps/AndroidStudio/ch-0/222.4459.24.2221.10121639/jbr/lib/libmanagement_ext.so
7f2754014000-7f2754017000 r-xp 00002000 00:23 175623                     /var/home/mihail/.local/share/JetBrains/Toolbox/apps/AndroidStudio/ch-0/222.4459.24.2221.10121639/jbr/lib/libmanagement_ext.so
7f2754017000-7f2754018000 r--p 00004000 00:23 175623                     /var/home/mihail/.local/share/JetBrains/Toolbox/apps/AndroidStudio/ch-0/222.4459.24.2221.10121639/jbr/lib/libmanagement_ext.so
7f2754018000-7f2754019000 rw-p 00004000 00:23 175623                     /var/home/mihail/.local/share/JetBrains/Toolbox/apps/AndroidStudio/ch-0/222.4459.24.2221.10121639/jbr/lib/libmanagement_ext.so
7f2754019000-7f275401f000 r--p 00000000 00:23 175615                     /var/home/mihail/.local/share/JetBrains/Toolbox/apps/AndroidStudio/ch-0/222.4459.24.2221.10121639/jbr/lib/libverify.so
7f275401f000-7f2754027000 r-xp 00005000 00:23 175615                     /var/home/mihail/.local/share/JetBrains/Toolbox/apps/AndroidStudio/ch-0/222.4459.24.2221.10121639/jbr/lib/libverify.so
7f2754027000-7f2754029000 r--p 0000c000 00:23 175615                     /var/home/mihail/.local/share/JetBrains/Toolbox/apps/AndroidStudio/ch-0/222.4459.24.2221.10121639/jbr/lib/libverify.so
7f2754029000-7f275402a000 rw-p 0000d000 00:23 175615                     /var/home/mihail/.local/share/JetBrains/Toolbox/apps/AndroidStudio/ch-0/222.4459.24.2221.10121639/jbr/lib/libverify.so
7f275402a000-7f2754570000 rw-p 00000000 00:00 0 
7f2754570000-7f2754571000 ---p 00000000 00:00 0 
7f2754571000-7f2754672000 rw-p 00000000 00:00 0 
7f2754672000-7f2754673000 ---p 00000000 00:00 0 
7f2754673000-7f2754774000 rw-p 00000000 00:00 0 
7f2754774000-7f2754775000 ---p 00000000 00:00 0 
7f2754775000-7f2754a1f000 rw-p 00000000 00:00 0 
7f2754a1f000-7f2754c27000 ---p 00000000 00:00 0 
7f2754c27000-7f2754c43000 rw-p 00000000 00:00 0 
7f2754c43000-7f2754cdf000 ---p 00000000 00:00 0 
7f2754cdf000-7f2754ce3000 rw-p 00000000 00:00 0 
7f2754ce3000-7f27568fb000 ---p 00000000 00:00 0 
7f27568fb000-7f2756a1f000 rw-p 00000000 00:00 0 
7f2756a1f000-7f2756c27000 ---p 00000000 00:00 0 
7f2756c27000-7f2756c43000 rw-p 00000000 00:00 0 
7f2756c43000-7f2756cdf000 ---p 00000000 00:00 0 
7f2756cdf000-7f2756ce3000 rw-p 00000000 00:00 0 
7f2756ce3000-7f27588fb000 ---p 00000000 00:00 0 
7f27588fb000-7f2758920000 rw-p 00000000 00:00 0 
7f2758920000-7f2758960000 ---p 00000000 00:00 0 
7f2758960000-7f2758964000 rw-p 00000000 00:00 0 
7f2758964000-7f2758977000 ---p 00000000 00:00 0 
7f2758977000-7f2758978000 rw-p 00000000 00:00 0 
7f2758978000-7f2758cfb000 ---p 00000000 00:00 0 
7f2758cfb000-7f2758d20000 rw-p 00000000 00:00 0 
7f2758d20000-7f2758d60000 ---p 00000000 00:00 0 
7f2758d60000-7f2758d64000 rw-p 00000000 00:00 0 
7f2758d64000-7f2758d77000 ---p 00000000 00:00 0 
7f2758d77000-7f2758d78000 rw-p 00000000 00:00 0 
7f2758d78000-7f27590fb000 ---p 00000000 00:00 0 
7f27590fb000-7f2759120000 rw-p 00000000 00:00 0 
7f2759120000-7f2759160000 ---p 00000000 00:00 0 
7f2759160000-7f2759164000 rw-p 00000000 00:00 0 
7f2759164000-7f2759177000 ---p 00000000 00:00 0 
7f2759177000-7f2759178000 rw-p 00000000 00:00 0 
7f2759178000-7f27594fb000 ---p 00000000 00:00 0 
7f27594fb000-7f2759a00000 rw-p 00000000 00:00 0 
7f2759a00000-7f275a230000 rwxp 00000000 00:00 0 
7f275a230000-7f2760f37000 ---p 00000000 00:00 0 
7f2760f37000-7f27611a7000 rwxp 00000000 00:00 0 
7f27611a7000-7f27614c9000 ---p 00000000 00:00 0 
7f27614c9000-7f2761739000 rwxp 00000000 00:00 0 
7f2761739000-7f2768a00000 ---p 00000000 00:00 0 
7f2768a00000-7f276bece000 r--s 00000000 00:23 175687                     /var/home/mihail/.local/share/JetBrains/Toolbox/apps/AndroidStudio/ch-0/222.4459.24.2221.10121639/jbr/lib/modules
7f276bece000-7f276becf000 r--p 00000000 00:23 175610                     /var/home/mihail/.local/share/JetBrains/Toolbox/apps/AndroidStudio/ch-0/222.4459.24.2221.10121639/jbr/lib/libextnet.so
7f276becf000-7f276bed1000 r-xp 00000000 00:23 175610                     /var/home/mihail/.local/share/JetBrains/Toolbox/apps/AndroidStudio/ch-0/222.4459.24.2221.10121639/jbr/lib/libextnet.so
7f276bed1000-7f276bed2000 r--p 00001000 00:23 175610                     /var/home/mihail/.local/share/JetBrains/Toolbox/apps/AndroidStudio/ch-0/222.4459.24.2221.10121639/jbr/lib/libextnet.so
7f276bed2000-7f276bed3000 rw-p 00001000 00:23 175610                     /var/home/mihail/.local/share/JetBrains/Toolbox/apps/AndroidStudio/ch-0/222.4459.24.2221.10121639/jbr/lib/libextnet.so
7f276bed3000-7f276beda000 r--p 00000000 00:23 175619                     /var/home/mihail/.local/share/JetBrains/Toolbox/apps/AndroidStudio/ch-0/222.4459.24.2221.10121639/jbr/lib/libnet.so
7f276beda000-7f276bee7000 r-xp 00006000 00:23 175619                     /var/home/mihail/.local/share/JetBrains/Toolbox/apps/AndroidStudio/ch-0/222.4459.24.2221.10121639/jbr/lib/libnet.so
7f276bee7000-7f276bee8000 r--p 00012000 00:23 175619                     /var/home/mihail/.local/share/JetBrains/Toolbox/apps/AndroidStudio/ch-0/222.4459.24.2221.10121639/jbr/lib/libnet.so
7f276bee8000-7f276bee9000 rw-p 00012000 00:23 175619                     /var/home/mihail/.local/share/JetBrains/Toolbox/apps/AndroidStudio/ch-0/222.4459.24.2221.10121639/jbr/lib/libnet.so
7f276bee9000-7f276beea000 rw-p 00000000 00:00 0 
7f276beea000-7f276bef5000 r--p 00000000 00:23 175605                     /var/home/mihail/.local/share/JetBrains/Toolbox/apps/AndroidStudio/ch-0/222.4459.24.2221.10121639/jbr/lib/libnio.so
7f276bef5000-7f276befd000 r-xp 0000a000 00:23 175605                     /var/home/mihail/.local/share/JetBrains/Toolbox/apps/AndroidStudio/ch-0/222.4459.24.2221.10121639/jbr/lib/libnio.so
7f276befd000-7f276befe000 r--p 00011000 00:23 175605                     /var/home/mihail/.local/share/JetBrains/Toolbox/apps/AndroidStudio/ch-0/222.4459.24.2221.10121639/jbr/lib/libnio.so
7f276befe000-7f276beff000 rw-p 00011000 00:23 175605                     /var/home/mihail/.local/share/JetBrains/Toolbox/apps/AndroidStudio/ch-0/222.4459.24.2221.10121639/jbr/lib/libnio.so
7f276beff000-7f276d4f7000 rw-p 00000000 00:00 0 
7f276d4f7000-7f2770000000 ---p 00000000 00:00 0 
7f2770000000-7f2770009000 r--p 00000000 00:23 175614                     /var/home/mihail/.local/share/JetBrains/Toolbox/apps/AndroidStudio/ch-0/222.4459.24.2221.10121639/jbr/lib/libzip.so
7f2770009000-7f277001d000 r-xp 00008000 00:23 175614                     /var/home/mihail/.local/share/JetBrains/Toolbox/apps/AndroidStudio/ch-0/222.4459.24.2221.10121639/jbr/lib/libzip.so
7f277001d000-7f277001f000 r--p 0001b000 00:23 175614                     /var/home/mihail/.local/share/JetBrains/Toolbox/apps/AndroidStudio/ch-0/222.4459.24.2221.10121639/jbr/lib/libzip.so
7f277001f000-7f2770020000 rw-p 0001c000 00:23 175614                     /var/home/mihail/.local/share/JetBrains/Toolbox/apps/AndroidStudio/ch-0/222.4459.24.2221.10121639/jbr/lib/libzip.so
7f2770020000-7f2770227000 rw-p 00000000 00:00 0 
7f2770227000-7f277030d000 ---p 00000000 00:00 0 
7f277030d000-7f277031e000 rw-p 00000000 00:00 0 
7f277031e000-7f27703f8000 ---p 00000000 00:00 0 
7f27703f8000-7f277040a000 r--p 00000000 00:23 175612                     /var/home/mihail/.local/share/JetBrains/Toolbox/apps/AndroidStudio/ch-0/222.4459.24.2221.10121639/jbr/lib/libjava.so
7f277040a000-7f277041c000 r-xp 00011000 00:23 175612                     /var/home/mihail/.local/share/JetBrains/Toolbox/apps/AndroidStudio/ch-0/222.4459.24.2221.10121639/jbr/lib/libjava.so
7f277041c000-7f277041e000 r--p 00022000 00:23 175612                     /var/home/mihail/.local/share/JetBrains/Toolbox/apps/AndroidStudio/ch-0/222.4459.24.2221.10121639/jbr/lib/libjava.so
7f277041e000-7f277041f000 rw-p 00023000 00:23 175612                     /var/home/mihail/.local/share/JetBrains/Toolbox/apps/AndroidStudio/ch-0/222.4459.24.2221.10121639/jbr/lib/libjava.so
7f277041f000-7f2770423000 ---p 00000000 00:00 0 
7f2770423000-7f277051f000 rw-p 00000000 00:00 0 
7f277051f000-7f277052f000 r--p 00000000 00:23 111695                     /usr/lib64/libm.so.6
7f277052f000-7f27705a4000 r-xp 00010000 00:23 111695                     /usr/lib64/libm.so.6
7f27705a4000-7f27705fe000 r--p 00085000 00:23 111695                     /usr/lib64/libm.so.6
7f27705fe000-7f27705ff000 r--p 000de000 00:23 111695                     /usr/lib64/libm.so.6
7f27705ff000-7f2770600000 rw-p 000df000 00:23 111695                     /usr/lib64/libm.so.6
7f2770600000-7f2770b3c000 r--p 00000000 00:23 175595                     /var/home/mihail/.local/share/JetBrains/Toolbox/apps/AndroidStudio/ch-0/222.4459.24.2221.10121639/jbr/lib/server/libjvm.so
7f2770b3c000-7f27717b6000 r-xp 0053b000 00:23 175595                     /var/home/mihail/.local/share/JetBrains/Toolbox/apps/AndroidStudio/ch-0/222.4459.24.2221.10121639/jbr/lib/server/libjvm.so
7f27717b6000-7f2771878000 r--p 011b4000 00:23 175595                     /var/home/mihail/.local/share/JetBrains/Toolbox/apps/AndroidStudio/ch-0/222.4459.24.2221.10121639/jbr/lib/server/libjvm.so
7f2771878000-7f27718ab000 rw-p 01275000 00:23 175595                     /var/home/mihail/.local/share/JetBrains/Toolbox/apps/AndroidStudio/ch-0/222.4459.24.2221.10121639/jbr/lib/server/libjvm.so
7f27718ab000-7f2771905000 rw-p 00000000 00:00 0 
7f2771907000-7f277190a000 r--p 00000000 00:23 175675                     /var/home/mihail/.local/share/JetBrains/Toolbox/apps/AndroidStudio/ch-0/222.4459.24.2221.10121639/jbr/lib/libmanagement.so
7f277190a000-7f277190c000 r-xp 00002000 00:23 175675                     /var/home/mihail/.local/share/JetBrains/Toolbox/apps/AndroidStudio/ch-0/222.4459.24.2221.10121639/jbr/lib/libmanagement.so
7f277190c000-7f277190d000 r--p 00003000 00:23 175675                     /var/home/mihail/.local/share/JetBrains/Toolbox/apps/AndroidStudio/ch-0/222.4459.24.2221.10121639/jbr/lib/libmanagement.so
7f277190d000-7f277190e000 rw-p 00003000 00:23 175675                     /var/home/mihail/.local/share/JetBrains/Toolbox/apps/AndroidStudio/ch-0/222.4459.24.2221.10121639/jbr/lib/libmanagement.so
7f277190e000-7f2771913000 rw-p 00000000 00:00 0 
7f2771913000-7f277191a000 ---p 00000000 00:00 0 
7f277191a000-7f277191e000 r--p 00000000 00:23 175624                     /var/home/mihail/.local/share/JetBrains/Toolbox/apps/AndroidStudio/ch-0/222.4459.24.2221.10121639/jbr/lib/libinstrument.so
7f277191e000-7f2771925000 r-xp 00003000 00:23 175624                     /var/home/mihail/.local/share/JetBrains/Toolbox/apps/AndroidStudio/ch-0/222.4459.24.2221.10121639/jbr/lib/libinstrument.so
7f2771925000-7f2771926000 r--p 00009000 00:23 175624                     /var/home/mihail/.local/share/JetBrains/Toolbox/apps/AndroidStudio/ch-0/222.4459.24.2221.10121639/jbr/lib/libinstrument.so
7f2771926000-7f2771927000 rw-p 00009000 00:23 175624                     /var/home/mihail/.local/share/JetBrains/Toolbox/apps/AndroidStudio/ch-0/222.4459.24.2221.10121639/jbr/lib/libinstrument.so
7f2771927000-7f2771932000 r--p 00000000 00:23 175609                     /var/home/mihail/.local/share/JetBrains/Toolbox/apps/AndroidStudio/ch-0/222.4459.24.2221.10121639/jbr/lib/libjimage.so
7f2771932000-7f2771947000 r-xp 0000a000 00:23 175609                     /var/home/mihail/.local/share/JetBrains/Toolbox/apps/AndroidStudio/ch-0/222.4459.24.2221.10121639/jbr/lib/libjimage.so
7f2771947000-7f2771949000 r--p 0001e000 00:23 175609                     /var/home/mihail/.local/share/JetBrains/Toolbox/apps/AndroidStudio/ch-0/222.4459.24.2221.10121639/jbr/lib/libjimage.so
7f2771949000-7f277194a000 rw-p 0001f000 00:23 175609                     /var/home/mihail/.local/share/JetBrains/Toolbox/apps/AndroidStudio/ch-0/222.4459.24.2221.10121639/jbr/lib/libjimage.so
7f277194a000-7f277194b000 r--p 00000000 00:23 110981                     /usr/lib64/librt.so.1
7f277194b000-7f277194c000 r-xp 00001000 00:23 110981                     /usr/lib64/librt.so.1
7f277194c000-7f277194d000 r--p 00002000 00:23 110981                     /usr/lib64/librt.so.1
7f277194d000-7f277194e000 r--p 00002000 00:23 110981                     /usr/lib64/librt.so.1
7f277194e000-7f277194f000 rw-p 00003000 00:23 110981                     /usr/lib64/librt.so.1
7f277194f000-7f2771951000 rw-p 00000000 00:00 0 
7f2771951000-7f2771977000 r--p 00000000 00:23 110952                     /usr/lib64/libc.so.6
7f2771977000-7f2771ad4000 r-xp 00026000 00:23 110952                     /usr/lib64/libc.so.6
7f2771ad4000-7f2771b21000 r--p 00183000 00:23 110952                     /usr/lib64/libc.so.6
7f2771b21000-7f2771b25000 r--p 001d0000 00:23 110952                     /usr/lib64/libc.so.6
7f2771b25000-7f2771b27000 rw-p 001d4000 00:23 110952                     /usr/lib64/libc.so.6
7f2771b27000-7f2771b2f000 rw-p 00000000 00:00 0 
7f2771b2f000-7f2771b30000 r--p 00000000 00:23 111535                     /usr/lib64/libdl.so.2
7f2771b30000-7f2771b31000 r-xp 00001000 00:23 111535                     /usr/lib64/libdl.so.2
7f2771b31000-7f2771b32000 r--p 00002000 00:23 111535                     /usr/lib64/libdl.so.2
7f2771b32000-7f2771b33000 r--p 00002000 00:23 111535                     /usr/lib64/libdl.so.2
7f2771b33000-7f2771b34000 rw-p 00003000 00:23 111535                     /usr/lib64/libdl.so.2
7f2771b34000-7f2771b35000 r--p 00000000 00:23 111034                     /usr/lib64/libpthread.so.0
7f2771b35000-7f2771b36000 r-xp 00001000 00:23 111034                     /usr/lib64/libpthread.so.0
7f2771b36000-7f2771b37000 r--p 00002000 00:23 111034                     /usr/lib64/libpthread.so.0
7f2771b37000-7f2771b38000 r--p 00002000 00:23 111034                     /usr/lib64/libpthread.so.0
7f2771b38000-7f2771b39000 rw-p 00003000 00:23 111034                     /usr/lib64/libpthread.so.0
7f2771b3c000-7f2771b44000 rw-s 00000000 00:2b 734                        /tmp/hsperfdata_mihail/12581
7f2771b44000-7f2771b45000 ---p 00000000 00:00 0 
7f2771b45000-7f2771b46000 r--p 00000000 00:00 0 
7f2771b46000-7f2771b47000 ---p 00000000 00:00 0 
7f2771b47000-7f2771b4f000 r--p 00000000 00:23 175621                     /var/home/mihail/.local/share/JetBrains/Toolbox/apps/AndroidStudio/ch-0/222.4459.24.2221.10121639/jbr/lib/libjli.so
7f2771b4f000-7f2771b5e000 r-xp 00007000 00:23 175621                     /var/home/mihail/.local/share/JetBrains/Toolbox/apps/AndroidStudio/ch-0/222.4459.24.2221.10121639/jbr/lib/libjli.so
7f2771b5e000-7f2771b5f000 r--p 00015000 00:23 175621                     /var/home/mihail/.local/share/JetBrains/Toolbox/apps/AndroidStudio/ch-0/222.4459.24.2221.10121639/jbr/lib/libjli.so
7f2771b5f000-7f2771b60000 rw-p 00015000 00:23 175621                     /var/home/mihail/.local/share/JetBrains/Toolbox/apps/AndroidStudio/ch-0/222.4459.24.2221.10121639/jbr/lib/libjli.so
7f2771b60000-7f2771b62000 rw-p 00000000 00:00 0 
7f2771b62000-7f2771b63000 r--p 00000000 00:23 111251                     /usr/lib64/ld-linux-x86-64.so.2
7f2771b63000-7f2771b89000 r-xp 00001000 00:23 111251                     /usr/lib64/ld-linux-x86-64.so.2
7f2771b89000-7f2771b93000 r--p 00027000 00:23 111251                     /usr/lib64/ld-linux-x86-64.so.2
7f2771b93000-7f2771b95000 r--p 00030000 00:23 111251                     /usr/lib64/ld-linux-x86-64.so.2
7f2771b95000-7f2771b97000 rw-p 00032000 00:23 111251                     /usr/lib64/ld-linux-x86-64.so.2
7fff34b12000-7fff34b33000 rw-p 00000000 00:00 0                          [stack]
7fff34b3a000-7fff34b3e000 r--p 00000000 00:00 0                          [vvar]
7fff34b3e000-7fff34b40000 r-xp 00000000 00:00 0                          [vdso]
ffffffffff600000-ffffffffff601000 --xp 00000000 00:00 0                  [vsyscall]


VM Arguments:
jvm_args: --add-opens=java.base/java.util=ALL-UNNAMED --add-opens=java.base/java.lang=ALL-UNNAMED --add-opens=java.base/java.lang.invoke=ALL-UNNAMED --add-opens=java.prefs/java.util.prefs=ALL-UNNAMED --add-opens=java.base/java.nio.charset=ALL-UNNAMED --add-opens=java.base/java.net=ALL-UNNAMED --add-opens=java.base/java.util.concurrent.atomic=ALL-UNNAMED -Xmx2048m -Dfile.encoding=UTF-8 -Duser.country=GB -Duser.language=en -Duser.variant -javaagent:/var/home/mihail/.gradle/wrapper/dists/gradle-8.2-bin/bbg7u40eoinfdyxsxr3z4i7ta/gradle-8.2/lib/agents/gradle-instrumentation-agent-8.2.jar 
java_command: org.gradle.launcher.daemon.bootstrap.GradleDaemon 8.2
java_class_path (initial): /var/home/mihail/.gradle/wrapper/dists/gradle-8.2-bin/bbg7u40eoinfdyxsxr3z4i7ta/gradle-8.2/lib/gradle-launcher-8.2.jar
Launcher Type: SUN_STANDARD

[Global flags]
     intx CICompilerCount                          = 4                                         {product} {ergonomic}
     uint ConcGCThreads                            = 2                                         {product} {ergonomic}
     uint G1ConcRefinementThreads                  = 8                                         {product} {ergonomic}
   size_t G1HeapRegionSize                         = 1048576                                   {product} {ergonomic}
    uintx GCDrainStackTargetSize                   = 64                                        {product} {ergonomic}
   size_t InitialHeapSize                          = 262144000                                 {product} {ergonomic}
   size_t MarkStackSize                            = 4194304                                   {product} {ergonomic}
   size_t MaxHeapSize                              = 2147483648                                {product} {command line}
   size_t MaxNewSize                               = 1287651328                                {product} {ergonomic}
   size_t MinHeapDeltaBytes                        = 1048576                                   {product} {ergonomic}
   size_t MinHeapSize                              = 8388608                                   {product} {ergonomic}
    uintx NonNMethodCodeHeapSize                   = 5839372                                {pd product} {ergonomic}
    uintx NonProfiledCodeHeapSize                  = 122909434                              {pd product} {ergonomic}
    uintx ProfiledCodeHeapSize                     = 122909434                              {pd product} {ergonomic}
    uintx ReservedCodeCacheSize                    = 251658240                              {pd product} {ergonomic}
     bool SegmentedCodeCache                       = true                                      {product} {ergonomic}
   size_t SoftMaxHeapSize                          = 2147483648                             {manageable} {ergonomic}
     bool UseCompressedClassPointers               = true                           {product lp64_product} {ergonomic}
     bool UseCompressedOops                        = true                           {product lp64_product} {ergonomic}
     bool UseG1GC                                  = true                                      {product} {ergonomic}

Logging:
Log output configuration:
 #0: stdout all=warning uptime,level,tags
 #1: stderr all=off uptime,level,tags

Environment Variables:
PATH=/var/home/mihail/.cargo/bin:/var/home/mihail/.local/bin:/var/home/mihail/bin:/usr/local/bin:/usr/local/sbin:/usr/bin:/usr/sbin:/var/home/mihail/.local/share/JetBrains/Toolbox/scripts
USERNAME=mihail
SHELL=/bin/bash
DISPLAY=:0
LANG=en_GB.UTF-8

Signal Handlers:
   SIGSEGV: crash_handler in libjvm.so, mask=11100100010111111101111111111110, flags=SA_RESTART|SA_SIGINFO
    SIGBUS: crash_handler in libjvm.so, mask=11100100010111111101111111111110, flags=SA_RESTART|SA_SIGINFO
    SIGFPE: crash_handler in libjvm.so, mask=11100100010111111101111111111110, flags=SA_RESTART|SA_SIGINFO
   SIGPIPE: javaSignalHandler in libjvm.so, mask=11100100010111111101111111111110, flags=SA_RESTART|SA_SIGINFO
   SIGXFSZ: javaSignalHandler in libjvm.so, mask=11100100010111111101111111111110, flags=SA_RESTART|SA_SIGINFO
    SIGILL: crash_handler in libjvm.so, mask=11100100010111111101111111111110, flags=SA_RESTART|SA_SIGINFO
   SIGUSR2: SR_handler in libjvm.so, mask=00100000000000000000000000000000, flags=SA_RESTART|SA_SIGINFO
    SIGHUP: UserHandler in libjvm.so, mask=11100100010111111101111111111110, flags=SA_RESTART|SA_SIGINFO
    SIGINT: UserHandler in libjvm.so, mask=11100100010111111101111111111110, flags=SA_RESTART|SA_SIGINFO
   SIGTERM: UserHandler in libjvm.so, mask=11100100010111111101111111111110, flags=SA_RESTART|SA_SIGINFO
   SIGQUIT: UserHandler in libjvm.so, mask=11100100010111111101111111111110, flags=SA_RESTART|SA_SIGINFO
   SIGTRAP: crash_handler in libjvm.so, mask=11100100010111111101111111111110, flags=SA_RESTART|SA_SIGINFO


---------------  S Y S T E M  ---------------

OS:
Fedora release 38 (Thirty Eight)
uname: Linux 6.3.11-200.fc38.x86_64 #1 SMP PREEMPT_DYNAMIC Sun Jul  2 13:17:31 UTC 2023 x86_64
OS uptime: 0 days 3:12 hours
libc: glibc 2.37 NPTL 2.37 
rlimit (soft/hard): STACK 8192k/infinity , CORE infinity/infinity , NPROC 63328/63328 , NOFILE 524288/524288 , AS infinity/infinity , CPU infinity/infinity , DATA infinity/infinity , FSIZE infinity/infinity , MEMLOCK 8192k/8192k
load average: 5.21 8.03 4.01

/proc/meminfo:
MemTotal:       16301936 kB
MemFree:         3010452 kB
MemAvailable:    8375416 kB
Buffers:              60 kB
Cached:          5589776 kB
SwapCached:          708 kB
Active:          6005240 kB
Inactive:        5366332 kB
Active(anon):    4578180 kB
Inactive(anon):  1233840 kB
Active(file):    1427060 kB
Inactive(file):  4132492 kB
Unevictable:        5976 kB
Mlocked:            5976 kB
SwapTotal:       8388604 kB
SwapFree:        6325756 kB
Zswap:                 0 kB
Zswapped:              0 kB
Dirty:             74308 kB
Writeback:             0 kB
AnonPages:       5787316 kB
Mapped:          2919464 kB
Shmem:             25072 kB
KReclaimable:     123708 kB
Slab:             298108 kB
SReclaimable:     123708 kB
SUnreclaim:       174400 kB
KernelStack:       25664 kB
PageTables:        54020 kB
SecPageTables:      3996 kB
NFS_Unstable:          0 kB
Bounce:                0 kB
WritebackTmp:          0 kB
CommitLimit:    16539572 kB
Committed_AS:   15509820 kB
VmallocTotal:   34359738367 kB
VmallocUsed:      112472 kB
VmallocChunk:          0 kB
Percpu:             7040 kB
HardwareCorrupted:     0 kB
AnonHugePages:         0 kB
ShmemHugePages:        0 kB
ShmemPmdMapped:        0 kB
FileHugePages:         0 kB
FilePmdMapped:         0 kB
CmaTotal:              0 kB
CmaFree:               0 kB
HugePages_Total:       0
HugePages_Free:        0
HugePages_Rsvd:        0
HugePages_Surp:        0
Hugepagesize:       2048 kB
Hugetlb:               0 kB
DirectMap4k:     2363220 kB
DirectMap2M:    14354432 kB
DirectMap1G:           0 kB

/sys/kernel/mm/transparent_hugepage/enabled: always [madvise] never
/sys/kernel/mm/transparent_hugepage/defrag (defrag/compaction efforts parameter): always defer defer+madvise [madvise] never

Process Memory:
Virtual Size: 7865096K (peak: 7865096K)
Resident Set Size: 557048K (peak: 557048K) (anon: 523128K, file: 33920K, shmem: 0K)
Swapped out: 0K
C-Heap outstanding allocations: 376060K, retained: 25847K
glibc malloc tunables: (default)

/proc/sys/kernel/threads-max (system-wide limit on the number of threads): 126656
/proc/sys/vm/max_map_count (maximum number of memory map areas a process may have): 65530
/proc/sys/kernel/pid_max (system-wide limit on number of process identifiers): 4194304

container (cgroup) information:
container_type: cgroupv2
cpu_cpuset_cpus: not supported
cpu_memory_nodes: not supported
active_processor_count: 8
cpu_quota: no quota
cpu_period: 100000
cpu_shares: 13312
memory_limit_in_bytes: unlimited
memory_and_swap_limit_in_bytes: unlimited
memory_soft_limit_in_bytes: unlimited
memory_usage_in_bytes: 7847848 k
memory_max_usage_in_bytes: not supported
memory_swap_current_in_bytes: 1640260 k
memory_swap_max_limit_in_bytes: unlimited
maximum number of tasks: 18998
current number of tasks: 347

Steal ticks since vm start: 0
Steal ticks percentage since vm start:  0.000

CPU: total 8 (initial active 8) (4 cores per cpu, 2 threads per core) family 6 model 94 stepping 3 microcode 0xf0, cx8, cmov, fxsr, ht, mmx, 3dnowpref, sse, sse2, sse3, ssse3, sse4.1, sse4.2, popcnt, lzcnt, tsc, tscinvbit, avx, avx2, aes, erms, clmul, bmi1, bmi2, adx, fma, vzeroupper, clflush, clflushopt
CPU Model and flags from /proc/cpuinfo:
model name	: Intel(R) Core(TM) i7-6700K CPU @ 4.00GHz
flags		: fpu vme de pse tsc msr pae mce cx8 apic sep mtrr pge mca cmov pat pse36 clflush dts acpi mmx fxsr sse sse2 ss ht tm pbe syscall nx pdpe1gb rdtscp lm constant_tsc art arch_perfmon pebs bts rep_good nopl xtopology nonstop_tsc cpuid aperfmperf pni pclmulqdq dtes64 monitor ds_cpl vmx est tm2 ssse3 sdbg fma cx16 xtpr pdcm pcid sse4_1 sse4_2 x2apic movbe popcnt tsc_deadline_timer aes xsave avx f16c rdrand lahf_lm abm 3dnowprefetch cpuid_fault epb invpcid_single pti ssbd ibrs ibpb stibp tpr_shadow vnmi flexpriority ept vpid ept_ad fsgsbase tsc_adjust bmi1 avx2 smep bmi2 erms invpcid mpx rdseed adx smap clflushopt intel_pt xsaveopt xsavec xgetbv1 xsaves dtherm ida arat pln pts hwp hwp_notify hwp_act_window hwp_epp md_clear flush_l1d arch_capabilities

Online cpus: 0-7
Offline cpus: 
BIOS frequency limitation: <Not Available>
Frequency switch latency (ns): 0
Available cpu frequencies: <Not Available>
Current governor: powersave
Core performance/turbo boost: <Not Available>

Memory: 4k page, physical 16301936k(3009948k free), swap 8388604k(6325756k free)
Page Sizes: 4k

vm_info: OpenJDK 64-Bit Server VM (17.0.6+0-17.0.6b802.4-9586694) for linux-amd64 JRE (17.0.6+0-17.0.6b802.4-9586694), built on Feb  9 2023 19:16:28 by "androidbuild" with clang Android (7284624, based on r416183b) Clang 12.0.5 (https://android.googlesource.com/toolchain/llvm-project c935d99d7cf2016289302412d708641d52d2f7ee)

END.
